{"/Users/mario/Desktop/FinalProyect/Api/logic/specs/authenticateUser.spec.js":{"path":"/Users/mario/Desktop/FinalProyect/Api/logic/specs/authenticateUser.spec.js","statementMap":{"0":{"start":{"line":1,"column":0},"end":{"line":1,"column":26}},"1":{"start":{"line":2,"column":19},"end":{"line":2,"column":34}},"2":{"start":{"line":3,"column":21},"end":{"line":3,"column":37}},"3":{"start":{"line":4,"column":21},"end":{"line":4,"column":40}},"4":{"start":{"line":6,"column":25},"end":{"line":6,"column":55}},"5":{"start":{"line":7,"column":34},"end":{"line":7,"column":60}},"6":{"start":{"line":9,"column":17},"end":{"line":9,"column":45}},"7":{"start":{"line":11,"column":0},"end":{"line":78,"column":2}},"8":{"start":{"line":13,"column":4},"end":{"line":15,"column":6}},"9":{"start":{"line":14,"column":8},"end":{"line":14,"column":60}},"10":{"start":{"line":17,"column":4},"end":{"line":22,"column":6}},"11":{"start":{"line":18,"column":8},"end":{"line":18,"column":23}},"12":{"start":{"line":20,"column":8},"end":{"line":20,"column":34}},"13":{"start":{"line":21,"column":8},"end":{"line":21,"column":31}},"14":{"start":{"line":24,"column":4},"end":{"line":26,"column":6}},"15":{"start":{"line":25,"column":8},"end":{"line":25,"column":35}},"16":{"start":{"line":28,"column":4},"end":{"line":31,"column":6}},"17":{"start":{"line":29,"column":23},"end":{"line":29,"column":72}},"18":{"start":{"line":30,"column":8},"end":{"line":30,"column":31}},"19":{"start":{"line":33,"column":4},"end":{"line":40,"column":6}},"20":{"start":{"line":34,"column":8},"end":{"line":39,"column":9}},"21":{"start":{"line":35,"column":12},"end":{"line":35,"column":68}},"22":{"start":{"line":37,"column":12},"end":{"line":37,"column":46}},"23":{"start":{"line":38,"column":12},"end":{"line":38,"column":60}},"24":{"start":{"line":42,"column":4},"end":{"line":51,"column":6}},"25":{"start":{"line":43,"column":8},"end":{"line":50,"column":9}},"26":{"start":{"line":44,"column":12},"end":{"line":44,"column":80}},"27":{"start":{"line":46,"column":12},"end":{"line":46,"column":46}},"28":{"start":{"line":47,"column":12},"end":{"line":49,"column":13}},"29":{"start":{"line":52,"column":4},"end":{"line":59,"column":6}},"30":{"start":{"line":53,"column":8},"end":{"line":58,"column":9}},"31":{"start":{"line":54,"column":12},"end":{"line":54,"column":80}},"32":{"start":{"line":56,"column":12},"end":{"line":56,"column":46}},"33":{"start":{"line":57,"column":12},"end":{"line":57,"column":60}},"34":{"start":{"line":61,"column":4},"end":{"line":68,"column":6}},"35":{"start":{"line":62,"column":8},"end":{"line":67,"column":9}},"36":{"start":{"line":63,"column":12},"end":{"line":63,"column":53}},"37":{"start":{"line":65,"column":12},"end":{"line":65,"column":46}},"38":{"start":{"line":66,"column":12},"end":{"line":66,"column":60}},"39":{"start":{"line":70,"column":4},"end":{"line":77,"column":6}},"40":{"start":{"line":71,"column":8},"end":{"line":76,"column":9}},"41":{"start":{"line":72,"column":12},"end":{"line":72,"column":50}},"42":{"start":{"line":74,"column":12},"end":{"line":74,"column":46}},"43":{"start":{"line":75,"column":12},"end":{"line":75,"column":63}}},"fnMap":{"0":{"name":"(anonymous_0)","decl":{"start":{"line":11,"column":29},"end":{"line":11,"column":30}},"loc":{"start":{"line":11,"column":35},"end":{"line":78,"column":1}},"line":11},"1":{"name":"(anonymous_1)","decl":{"start":{"line":13,"column":11},"end":{"line":13,"column":12}},"loc":{"start":{"line":13,"column":23},"end":{"line":15,"column":5}},"line":13},"2":{"name":"(anonymous_2)","decl":{"start":{"line":17,"column":15},"end":{"line":17,"column":16}},"loc":{"start":{"line":17,"column":27},"end":{"line":22,"column":5}},"line":17},"3":{"name":"(anonymous_3)","decl":{"start":{"line":24,"column":10},"end":{"line":24,"column":11}},"loc":{"start":{"line":24,"column":22},"end":{"line":26,"column":5}},"line":24},"4":{"name":"(anonymous_4)","decl":{"start":{"line":28,"column":46},"end":{"line":28,"column":47}},"loc":{"start":{"line":28,"column":58},"end":{"line":31,"column":5}},"line":28},"5":{"name":"(anonymous_5)","decl":{"start":{"line":33,"column":44},"end":{"line":33,"column":45}},"loc":{"start":{"line":33,"column":56},"end":{"line":40,"column":5}},"line":33},"6":{"name":"(anonymous_6)","decl":{"start":{"line":42,"column":58},"end":{"line":42,"column":59}},"loc":{"start":{"line":42,"column":70},"end":{"line":51,"column":5}},"line":42},"7":{"name":"(anonymous_7)","decl":{"start":{"line":52,"column":37},"end":{"line":52,"column":38}},"loc":{"start":{"line":52,"column":49},"end":{"line":59,"column":5}},"line":52},"8":{"name":"(anonymous_8)","decl":{"start":{"line":61,"column":38},"end":{"line":61,"column":39}},"loc":{"start":{"line":61,"column":50},"end":{"line":68,"column":5}},"line":61},"9":{"name":"(anonymous_9)","decl":{"start":{"line":70,"column":41},"end":{"line":70,"column":42}},"loc":{"start":{"line":70,"column":53},"end":{"line":77,"column":5}},"line":70}},"branchMap":{},"s":{"0":1,"1":1,"2":1,"3":1,"4":1,"5":1,"6":1,"7":1,"8":1,"9":1,"10":1,"11":6,"12":6,"13":6,"14":1,"15":1,"16":1,"17":1,"18":1,"19":1,"20":1,"21":1,"22":1,"23":1,"24":1,"25":1,"26":1,"27":1,"28":1,"29":1,"30":1,"31":1,"32":1,"33":1,"34":1,"35":1,"36":1,"37":1,"38":1,"39":1,"40":1,"41":1,"42":1,"43":1},"f":{"0":1,"1":1,"2":6,"3":1,"4":1,"5":1,"6":1,"7":1,"8":1,"9":1},"b":{},"_coverageSchema":"1a1c01bbd47fc00a2c39e90264f33305004495a9","hash":"8f84afb71af2633d6395db51da131e1cc1d17c14","contentHash":"238d22d8cf8ef263658eb26af833e51a7c0e4b98c0adf8346b4247015ad98a89"},"/Users/mario/Desktop/FinalProyect/Api/logic/authenticateUser.js":{"path":"/Users/mario/Desktop/FinalProyect/Api/logic/authenticateUser.js","statementMap":{"0":{"start":{"line":4,"column":4},"end":{"line":4,"column":18}},"1":{"start":{"line":5,"column":17},"end":{"line":5,"column":42}},"2":{"start":{"line":21,"column":0},"end":{"line":37,"column":1}},"3":{"start":{"line":22,"column":4},"end":{"line":22,"column":24}},"4":{"start":{"line":23,"column":4},"end":{"line":23,"column":30}},"5":{"start":{"line":25,"column":4},"end":{"line":36,"column":8}},"6":{"start":{"line":26,"column":21},"end":{"line":26,"column":50}},"7":{"start":{"line":28,"column":8},"end":{"line":28,"column":61}},"8":{"start":{"line":28,"column":19},"end":{"line":28,"column":61}},"9":{"start":{"line":30,"column":8},"end":{"line":33,"column":13}},"10":{"start":{"line":31,"column":12},"end":{"line":33,"column":13}},"11":{"start":{"line":35,"column":8},"end":{"line":35,"column":22}}},"fnMap":{"0":{"name":"authenticateUser","decl":{"start":{"line":21,"column":26},"end":{"line":21,"column":42}},"loc":{"start":{"line":21,"column":60},"end":{"line":37,"column":1}},"line":21},"1":{"name":"(anonymous_1)","decl":{"start":{"line":25,"column":12},"end":{"line":25,"column":13}},"loc":{"start":{"line":25,"column":24},"end":{"line":36,"column":5}},"line":25}},"branchMap":{"0":{"loc":{"start":{"line":28,"column":8},"end":{"line":28,"column":61}},"type":"if","locations":[{"start":{"line":28,"column":8},"end":{"line":28,"column":61}},{"start":{"line":28,"column":8},"end":{"line":28,"column":61}}],"line":28},"1":{"loc":{"start":{"line":30,"column":8},"end":{"line":33,"column":13}},"type":"if","locations":[{"start":{"line":30,"column":8},"end":{"line":33,"column":13}},{"start":{"line":30,"column":8},"end":{"line":33,"column":13}}],"line":30}},"s":{"0":1,"1":1,"2":1,"3":6,"4":5,"5":4,"6":4,"7":4,"8":2,"9":2,"10":1,"11":1},"f":{"0":6,"1":4},"b":{"0":[2,2],"1":[1,1]},"_coverageSchema":"1a1c01bbd47fc00a2c39e90264f33305004495a9","hash":"fe06af5118c37788bd22f037b2b5bd18ab7ebe67","contentHash":"aece517755dc08ab288b6772f83a5d77417078f1cb7f468b9c304bd5c8e75d91"},"/Users/mario/Desktop/FinalProyect/Api/data/models.js":{"path":"/Users/mario/Desktop/FinalProyect/Api/data/models.js","statementMap":{"0":{"start":{"line":1,"column":17},"end":{"line":1,"column":36}},"1":{"start":{"line":9,"column":4},"end":{"line":9,"column":12}},"2":{"start":{"line":11,"column":13},"end":{"line":36,"column":2}},"3":{"start":{"line":37,"column":12},"end":{"line":73,"column":2}},"4":{"start":{"line":75,"column":16},"end":{"line":98,"column":2}},"5":{"start":{"line":100,"column":13},"end":{"line":131,"column":2}},"6":{"start":{"line":133,"column":13},"end":{"line":133,"column":32}},"7":{"start":{"line":134,"column":13},"end":{"line":134,"column":32}},"8":{"start":{"line":135,"column":16},"end":{"line":135,"column":41}},"9":{"start":{"line":136,"column":12},"end":{"line":136,"column":29}},"10":{"start":{"line":138,"column":0},"end":{"line":143,"column":1}}},"fnMap":{},"branchMap":{},"s":{"0":1,"1":1,"2":1,"3":1,"4":1,"5":1,"6":1,"7":1,"8":1,"9":1,"10":1},"f":{},"b":{},"_coverageSchema":"1a1c01bbd47fc00a2c39e90264f33305004495a9","hash":"dc088e07b4be5a564b808fd8c3f0e61513386863","contentHash":"645b97b1a0d49b6c374f0a4110fb8127cd47f245d1e9a4d5239c3be20e1781c8"},"/Users/mario/Desktop/FinalProyect/Api/logic/helpers/test/index.js":{"path":"/Users/mario/Desktop/FinalProyect/Api/logic/helpers/test/index.js","statementMap":{"0":{"start":{"line":1,"column":0},"end":{"line":8,"column":1}}},"fnMap":{},"branchMap":{},"s":{"0":1},"f":{},"b":{},"_coverageSchema":"1a1c01bbd47fc00a2c39e90264f33305004495a9","hash":"d352f78d806dc186ffebf0673ffa7b85afbdaa38","contentHash":"a01759fedda42011d0bfeb4a3fd04b860f01f8c836af53708e06c5fed6a58b63"},"/Users/mario/Desktop/FinalProyect/Api/logic/helpers/test/cleanUp.js":{"path":"/Users/mario/Desktop/FinalProyect/Api/logic/helpers/test/cleanUp.js","statementMap":{"0":{"start":{"line":1,"column":16},"end":{"line":1,"column":40}},"1":{"start":{"line":2,"column":23},"end":{"line":2,"column":54}},"2":{"start":{"line":4,"column":0},"end":{"line":6,"column":1}},"3":{"start":{"line":5,"column":4},"end":{"line":5,"column":62}}},"fnMap":{"0":{"name":"(anonymous_0)","decl":{"start":{"line":4,"column":17},"end":{"line":4,"column":18}},"loc":{"start":{"line":4,"column":23},"end":{"line":6,"column":1}},"line":4}},"branchMap":{},"s":{"0":1,"1":1,"2":1,"3":52},"f":{"0":52},"b":{},"_coverageSchema":"1a1c01bbd47fc00a2c39e90264f33305004495a9","hash":"4b1de7a4fa47a781d90f646bd83e21b01c2f5d2a","contentHash":"7e77abd825c42238220948309a28485ac98a3975e458f18360f2dabb978f8dbd"},"/Users/mario/Desktop/FinalProyect/Api/logic/context.js":{"path":"/Users/mario/Desktop/FinalProyect/Api/logic/context.js","statementMap":{"0":{"start":{"line":1,"column":0},"end":{"line":4,"column":1}}},"fnMap":{},"branchMap":{},"s":{"0":1},"f":{},"b":{},"_coverageSchema":"1a1c01bbd47fc00a2c39e90264f33305004495a9","hash":"40ee8362d3da44b89e8cd626925dad484e1c3d49","contentHash":"e54cb90b176cbae57e9cf57647ab3a0751770a7f3aa96ed676dadfb7610f83bb"},"/Users/mario/Desktop/FinalProyect/Api/logic/helpers/test/generateUser.js":{"path":"/Users/mario/Desktop/FinalProyect/Api/logic/helpers/test/generateUser.js","statementMap":{"0":{"start":{"line":1,"column":21},"end":{"line":1,"column":39}},"1":{"start":{"line":3,"column":0},"end":{"line":12,"column":1}},"2":{"start":{"line":4,"column":17},"end":{"line":11,"column":5}}},"fnMap":{"0":{"name":"(anonymous_0)","decl":{"start":{"line":4,"column":10},"end":{"line":4,"column":11}},"loc":{"start":{"line":4,"column":17},"end":{"line":11,"column":5}},"line":4}},"branchMap":{},"s":{"0":1,"1":1,"2":52},"f":{"0":52},"b":{},"_coverageSchema":"1a1c01bbd47fc00a2c39e90264f33305004495a9","hash":"415bbd42c82ccb562257d002880425f189dd6232","contentHash":"21257f52b4efb83ab92d25dc7c7ed98fa376575f5fdeaf17f8c6f6f54fdc76ca"},"/Users/mario/Desktop/FinalProyect/Api/logic/helpers/test/generatePost.js":{"path":"/Users/mario/Desktop/FinalProyect/Api/logic/helpers/test/generatePost.js","statementMap":{"0":{"start":{"line":1,"column":21},"end":{"line":1,"column":39}},"1":{"start":{"line":3,"column":0},"end":{"line":13,"column":1}},"2":{"start":{"line":4,"column":23},"end":{"line":12,"column":5}}},"fnMap":{"0":{"name":"(anonymous_0)","decl":{"start":{"line":4,"column":10},"end":{"line":4,"column":11}},"loc":{"start":{"line":4,"column":23},"end":{"line":12,"column":5}},"line":4}},"branchMap":{},"s":{"0":1,"1":1,"2":19},"f":{"0":19},"b":{},"_coverageSchema":"1a1c01bbd47fc00a2c39e90264f33305004495a9","hash":"852fbbb97a64b1c168b203c802f215b39e53fc80","contentHash":"8e3ca9c5b261a22460fff526ecfa8ab9ebfdd74d6067240576275b4441e25282"},"/Users/mario/Desktop/FinalProyect/Api/logic/helpers/test/generatePet.js":{"path":"/Users/mario/Desktop/FinalProyect/Api/logic/helpers/test/generatePet.js","statementMap":{"0":{"start":{"line":1,"column":21},"end":{"line":1,"column":39}},"1":{"start":{"line":3,"column":0},"end":{"line":14,"column":1}},"2":{"start":{"line":4,"column":22},"end":{"line":13,"column":5}}},"fnMap":{"0":{"name":"(anonymous_0)","decl":{"start":{"line":4,"column":9},"end":{"line":4,"column":10}},"loc":{"start":{"line":4,"column":22},"end":{"line":13,"column":5}},"line":4}},"branchMap":{},"s":{"0":1,"1":1,"2":13},"f":{"0":13},"b":{},"_coverageSchema":"1a1c01bbd47fc00a2c39e90264f33305004495a9","hash":"0fd2d365f314dc63706f7fac9323ebafe9a06700","contentHash":"b040e2568642d554a7f5fceb4d91ce3d41b3f6d92d7d2113dd272b4f5b5d0c38"},"/Users/mario/Desktop/FinalProyect/Api/logic/helpers/test/generateComment.js":{"path":"/Users/mario/Desktop/FinalProyect/Api/logic/helpers/test/generateComment.js","statementMap":{"0":{"start":{"line":1,"column":21},"end":{"line":1,"column":39}},"1":{"start":{"line":3,"column":0},"end":{"line":8,"column":1}},"2":{"start":{"line":4,"column":26},"end":{"line":7,"column":5}}},"fnMap":{"0":{"name":"(anonymous_0)","decl":{"start":{"line":4,"column":13},"end":{"line":4,"column":14}},"loc":{"start":{"line":4,"column":26},"end":{"line":7,"column":5}},"line":4}},"branchMap":{},"s":{"0":1,"1":1,"2":4},"f":{"0":4},"b":{},"_coverageSchema":"1a1c01bbd47fc00a2c39e90264f33305004495a9","hash":"2bca49f6df81cdb3fcacefce1244d2163c28ccb0","contentHash":"86672db9e12c94fc7ea7b7aeb1cb2f58293877e1dff5792a66298b831aad5376"},"/Users/mario/Desktop/FinalProyect/Api/logic/specs/createPet.spec.js":{"path":"/Users/mario/Desktop/FinalProyect/Api/logic/specs/createPet.spec.js","statementMap":{"0":{"start":{"line":1,"column":0},"end":{"line":1,"column":26}},"1":{"start":{"line":2,"column":19},"end":{"line":2,"column":34}},"2":{"start":{"line":3,"column":18},"end":{"line":3,"column":41}},"3":{"start":{"line":4,"column":21},"end":{"line":4,"column":40}},"4":{"start":{"line":5,"column":47},"end":{"line":5,"column":73}},"5":{"start":{"line":6,"column":22},"end":{"line":6,"column":53}},"6":{"start":{"line":8,"column":0},"end":{"line":178,"column":2}},"7":{"start":{"line":11,"column":4},"end":{"line":13,"column":6}},"8":{"start":{"line":12,"column":8},"end":{"line":12,"column":60}},"9":{"start":{"line":15,"column":4},"end":{"line":20,"column":6}},"10":{"start":{"line":16,"column":8},"end":{"line":16,"column":23}},"11":{"start":{"line":18,"column":8},"end":{"line":18,"column":34}},"12":{"start":{"line":19,"column":8},"end":{"line":19,"column":31}},"13":{"start":{"line":22,"column":4},"end":{"line":24,"column":6}},"14":{"start":{"line":23,"column":8},"end":{"line":23,"column":35}},"15":{"start":{"line":26,"column":4},"end":{"line":48,"column":6}},"16":{"start":{"line":27,"column":24},"end":{"line":27,"column":41}},"17":{"start":{"line":28,"column":22},"end":{"line":28,"column":44}},"18":{"start":{"line":30,"column":8},"end":{"line":38,"column":9}},"19":{"start":{"line":40,"column":27},"end":{"line":40,"column":66}},"20":{"start":{"line":41,"column":8},"end":{"line":41,"column":35}},"21":{"start":{"line":42,"column":8},"end":{"line":42,"column":54}},"22":{"start":{"line":43,"column":8},"end":{"line":43,"column":54}},"23":{"start":{"line":45,"column":8},"end":{"line":45,"column":56}},"24":{"start":{"line":46,"column":8},"end":{"line":46,"column":68}},"25":{"start":{"line":47,"column":8},"end":{"line":47,"column":56}},"26":{"start":{"line":50,"column":4},"end":{"line":68,"column":6}},"27":{"start":{"line":51,"column":24},"end":{"line":51,"column":41}},"28":{"start":{"line":52,"column":24},"end":{"line":52,"column":53}},"29":{"start":{"line":54,"column":8},"end":{"line":67,"column":9}},"30":{"start":{"line":55,"column":12},"end":{"line":63,"column":13}},"31":{"start":{"line":65,"column":12},"end":{"line":65,"column":34}},"32":{"start":{"line":66,"column":12},"end":{"line":66,"column":68}},"33":{"start":{"line":70,"column":4},"end":{"line":87,"column":6}},"34":{"start":{"line":71,"column":24},"end":{"line":71,"column":41}},"35":{"start":{"line":73,"column":8},"end":{"line":86,"column":9}},"36":{"start":{"line":74,"column":12},"end":{"line":82,"column":13}},"37":{"start":{"line":84,"column":12},"end":{"line":84,"column":34}},"38":{"start":{"line":85,"column":12},"end":{"line":85,"column":74}},"39":{"start":{"line":88,"column":4},"end":{"line":105,"column":6}},"40":{"start":{"line":89,"column":24},"end":{"line":89,"column":41}},"41":{"start":{"line":91,"column":8},"end":{"line":104,"column":9}},"42":{"start":{"line":92,"column":12},"end":{"line":100,"column":13}},"43":{"start":{"line":102,"column":12},"end":{"line":102,"column":34}},"44":{"start":{"line":103,"column":12},"end":{"line":103,"column":70}},"45":{"start":{"line":106,"column":4},"end":{"line":123,"column":6}},"46":{"start":{"line":107,"column":24},"end":{"line":107,"column":41}},"47":{"start":{"line":109,"column":8},"end":{"line":122,"column":9}},"48":{"start":{"line":110,"column":12},"end":{"line":118,"column":13}},"49":{"start":{"line":120,"column":12},"end":{"line":120,"column":34}},"50":{"start":{"line":121,"column":12},"end":{"line":121,"column":59}},"51":{"start":{"line":124,"column":4},"end":{"line":141,"column":6}},"52":{"start":{"line":125,"column":24},"end":{"line":125,"column":41}},"53":{"start":{"line":127,"column":8},"end":{"line":140,"column":9}},"54":{"start":{"line":128,"column":12},"end":{"line":136,"column":13}},"55":{"start":{"line":138,"column":12},"end":{"line":138,"column":34}},"56":{"start":{"line":139,"column":12},"end":{"line":139,"column":64}},"57":{"start":{"line":142,"column":4},"end":{"line":159,"column":6}},"58":{"start":{"line":143,"column":24},"end":{"line":143,"column":41}},"59":{"start":{"line":145,"column":8},"end":{"line":158,"column":9}},"60":{"start":{"line":146,"column":12},"end":{"line":154,"column":13}},"61":{"start":{"line":156,"column":12},"end":{"line":156,"column":34}},"62":{"start":{"line":157,"column":12},"end":{"line":157,"column":60}},"63":{"start":{"line":160,"column":4},"end":{"line":177,"column":6}},"64":{"start":{"line":161,"column":24},"end":{"line":161,"column":41}},"65":{"start":{"line":163,"column":8},"end":{"line":176,"column":9}},"66":{"start":{"line":164,"column":12},"end":{"line":172,"column":13}},"67":{"start":{"line":174,"column":12},"end":{"line":174,"column":34}},"68":{"start":{"line":175,"column":12},"end":{"line":175,"column":66}}},"fnMap":{"0":{"name":"(anonymous_0)","decl":{"start":{"line":8,"column":22},"end":{"line":8,"column":23}},"loc":{"start":{"line":8,"column":28},"end":{"line":178,"column":1}},"line":8},"1":{"name":"(anonymous_1)","decl":{"start":{"line":11,"column":11},"end":{"line":11,"column":12}},"loc":{"start":{"line":11,"column":23},"end":{"line":13,"column":5}},"line":11},"2":{"name":"(anonymous_2)","decl":{"start":{"line":15,"column":15},"end":{"line":15,"column":16}},"loc":{"start":{"line":15,"column":27},"end":{"line":20,"column":5}},"line":15},"3":{"name":"(anonymous_3)","decl":{"start":{"line":22,"column":10},"end":{"line":22,"column":11}},"loc":{"start":{"line":22,"column":22},"end":{"line":24,"column":5}},"line":22},"4":{"name":"(anonymous_4)","decl":{"start":{"line":26,"column":43},"end":{"line":26,"column":44}},"loc":{"start":{"line":26,"column":55},"end":{"line":48,"column":5}},"line":26},"5":{"name":"(anonymous_5)","decl":{"start":{"line":50,"column":41},"end":{"line":50,"column":42}},"loc":{"start":{"line":50,"column":53},"end":{"line":68,"column":5}},"line":50},"6":{"name":"(anonymous_6)","decl":{"start":{"line":70,"column":43},"end":{"line":70,"column":44}},"loc":{"start":{"line":70,"column":55},"end":{"line":87,"column":5}},"line":70},"7":{"name":"(anonymous_7)","decl":{"start":{"line":88,"column":38},"end":{"line":88,"column":39}},"loc":{"start":{"line":88,"column":50},"end":{"line":105,"column":5}},"line":88},"8":{"name":"(anonymous_8)","decl":{"start":{"line":106,"column":38},"end":{"line":106,"column":39}},"loc":{"start":{"line":106,"column":50},"end":{"line":123,"column":5}},"line":106},"9":{"name":"(anonymous_9)","decl":{"start":{"line":124,"column":37},"end":{"line":124,"column":38}},"loc":{"start":{"line":124,"column":49},"end":{"line":141,"column":5}},"line":124},"10":{"name":"(anonymous_10)","decl":{"start":{"line":142,"column":39},"end":{"line":142,"column":40}},"loc":{"start":{"line":142,"column":51},"end":{"line":159,"column":5}},"line":142},"11":{"name":"(anonymous_11)","decl":{"start":{"line":160,"column":45},"end":{"line":160,"column":46}},"loc":{"start":{"line":160,"column":57},"end":{"line":177,"column":5}},"line":160}},"branchMap":{},"s":{"0":1,"1":1,"2":1,"3":1,"4":1,"5":1,"6":1,"7":1,"8":1,"9":1,"10":8,"11":8,"12":8,"13":1,"14":1,"15":1,"16":1,"17":1,"18":1,"19":1,"20":1,"21":1,"22":1,"23":1,"24":1,"25":1,"26":1,"27":1,"28":1,"29":1,"30":1,"31":1,"32":1,"33":1,"34":1,"35":1,"36":1,"37":0,"38":0,"39":1,"40":1,"41":1,"42":1,"43":0,"44":0,"45":1,"46":1,"47":1,"48":1,"49":1,"50":1,"51":1,"52":1,"53":1,"54":1,"55":0,"56":0,"57":1,"58":1,"59":1,"60":1,"61":1,"62":1,"63":1,"64":1,"65":1,"66":1,"67":1,"68":1},"f":{"0":1,"1":1,"2":8,"3":1,"4":1,"5":1,"6":1,"7":1,"8":1,"9":1,"10":1,"11":1},"b":{},"_coverageSchema":"1a1c01bbd47fc00a2c39e90264f33305004495a9","hash":"22e1080565ac2c0bd19fdcc51295c94e15c92209","contentHash":"5d24f4ad84b2e2abf7546c81083a1c433b88d0844e6b9e619f4778e7093562a0"},"/Users/mario/Desktop/FinalProyect/Api/logic/createPet.js":{"path":"/Users/mario/Desktop/FinalProyect/Api/logic/createPet.js","statementMap":{"0":{"start":{"line":3,"column":4},"end":{"line":3,"column":18}},"1":{"start":{"line":5,"column":22},"end":{"line":5,"column":47}},"2":{"start":{"line":7,"column":0},"end":{"line":32,"column":1}},"3":{"start":{"line":9,"column":4},"end":{"line":9,"column":30}},"4":{"start":{"line":10,"column":4},"end":{"line":10,"column":30}},"5":{"start":{"line":12,"column":4},"end":{"line":12,"column":32}},"6":{"start":{"line":13,"column":4},"end":{"line":13,"column":44}},"7":{"start":{"line":14,"column":4},"end":{"line":14,"column":31}},"8":{"start":{"line":16,"column":4},"end":{"line":31,"column":23}},"9":{"start":{"line":18,"column":12},"end":{"line":18,"column":64}},"10":{"start":{"line":18,"column":23},"end":{"line":18,"column":64}},"11":{"start":{"line":20,"column":12},"end":{"line":28,"column":14}}},"fnMap":{"0":{"name":"(anonymous_0)","decl":{"start":{"line":7,"column":17},"end":{"line":7,"column":18}},"loc":{"start":{"line":7,"column":73},"end":{"line":32,"column":1}},"line":7},"1":{"name":"(anonymous_1)","decl":{"start":{"line":17,"column":14},"end":{"line":17,"column":15}},"loc":{"start":{"line":17,"column":24},"end":{"line":29,"column":9}},"line":17},"2":{"name":"(anonymous_2)","decl":{"start":{"line":31,"column":14},"end":{"line":31,"column":15}},"loc":{"start":{"line":31,"column":20},"end":{"line":31,"column":22}},"line":31}},"branchMap":{"0":{"loc":{"start":{"line":18,"column":12},"end":{"line":18,"column":64}},"type":"if","locations":[{"start":{"line":18,"column":12},"end":{"line":18,"column":64}},{"start":{"line":18,"column":12},"end":{"line":18,"column":64}}],"line":18}},"s":{"0":1,"1":1,"2":1,"3":8,"4":8,"5":7,"6":6,"7":5,"8":5,"9":5,"10":1,"11":4},"f":{"0":8,"1":5,"2":4},"b":{"0":[1,4]},"_coverageSchema":"1a1c01bbd47fc00a2c39e90264f33305004495a9","hash":"9e966fd535ec82405ffefd4fcf4867e5c812e5f1","contentHash":"c4334f29b7ad84099de188991862e5961c70e33e95a7e89b231250af31efe2ed"},"/Users/mario/Desktop/FinalProyect/Api/logic/specs/createPost.spec.js":{"path":"/Users/mario/Desktop/FinalProyect/Api/logic/specs/createPost.spec.js","statementMap":{"0":{"start":{"line":1,"column":0},"end":{"line":1,"column":26}},"1":{"start":{"line":2,"column":19},"end":{"line":2,"column":34}},"2":{"start":{"line":3,"column":19},"end":{"line":3,"column":43}},"3":{"start":{"line":4,"column":21},"end":{"line":4,"column":40}},"4":{"start":{"line":5,"column":48},"end":{"line":5,"column":74}},"5":{"start":{"line":6,"column":23},"end":{"line":6,"column":54}},"6":{"start":{"line":8,"column":0},"end":{"line":91,"column":2}},"7":{"start":{"line":11,"column":4},"end":{"line":13,"column":6}},"8":{"start":{"line":12,"column":8},"end":{"line":12,"column":60}},"9":{"start":{"line":15,"column":4},"end":{"line":20,"column":6}},"10":{"start":{"line":16,"column":8},"end":{"line":16,"column":23}},"11":{"start":{"line":18,"column":8},"end":{"line":18,"column":34}},"12":{"start":{"line":19,"column":8},"end":{"line":19,"column":31}},"13":{"start":{"line":22,"column":4},"end":{"line":24,"column":6}},"14":{"start":{"line":23,"column":8},"end":{"line":23,"column":35}},"15":{"start":{"line":26,"column":4},"end":{"line":42,"column":6}},"16":{"start":{"line":27,"column":25},"end":{"line":27,"column":44}},"17":{"start":{"line":28,"column":23},"end":{"line":28,"column":45}},"18":{"start":{"line":30,"column":8},"end":{"line":35,"column":9}},"19":{"start":{"line":37,"column":28},"end":{"line":37,"column":70}},"20":{"start":{"line":38,"column":8},"end":{"line":38,"column":36}},"21":{"start":{"line":39,"column":8},"end":{"line":39,"column":58}},"22":{"start":{"line":40,"column":8},"end":{"line":40,"column":56}},"23":{"start":{"line":41,"column":8},"end":{"line":41,"column":64}},"24":{"start":{"line":44,"column":4},"end":{"line":59,"column":6}},"25":{"start":{"line":45,"column":25},"end":{"line":45,"column":44}},"26":{"start":{"line":46,"column":24},"end":{"line":46,"column":53}},"27":{"start":{"line":48,"column":8},"end":{"line":58,"column":9}},"28":{"start":{"line":49,"column":12},"end":{"line":54,"column":13}},"29":{"start":{"line":56,"column":12},"end":{"line":56,"column":34}},"30":{"start":{"line":57,"column":12},"end":{"line":57,"column":68}},"31":{"start":{"line":61,"column":4},"end":{"line":75,"column":6}},"32":{"start":{"line":62,"column":25},"end":{"line":62,"column":44}},"33":{"start":{"line":64,"column":8},"end":{"line":74,"column":9}},"34":{"start":{"line":65,"column":12},"end":{"line":70,"column":13}},"35":{"start":{"line":72,"column":12},"end":{"line":72,"column":34}},"36":{"start":{"line":73,"column":12},"end":{"line":73,"column":74}},"37":{"start":{"line":76,"column":4},"end":{"line":90,"column":6}},"38":{"start":{"line":77,"column":25},"end":{"line":77,"column":44}},"39":{"start":{"line":79,"column":8},"end":{"line":89,"column":9}},"40":{"start":{"line":80,"column":12},"end":{"line":85,"column":13}},"41":{"start":{"line":87,"column":12},"end":{"line":87,"column":34}},"42":{"start":{"line":88,"column":12},"end":{"line":88,"column":74}}},"fnMap":{"0":{"name":"(anonymous_0)","decl":{"start":{"line":8,"column":23},"end":{"line":8,"column":24}},"loc":{"start":{"line":8,"column":29},"end":{"line":91,"column":1}},"line":8},"1":{"name":"(anonymous_1)","decl":{"start":{"line":11,"column":11},"end":{"line":11,"column":12}},"loc":{"start":{"line":11,"column":23},"end":{"line":13,"column":5}},"line":11},"2":{"name":"(anonymous_2)","decl":{"start":{"line":15,"column":15},"end":{"line":15,"column":16}},"loc":{"start":{"line":15,"column":27},"end":{"line":20,"column":5}},"line":15},"3":{"name":"(anonymous_3)","decl":{"start":{"line":22,"column":10},"end":{"line":22,"column":11}},"loc":{"start":{"line":22,"column":22},"end":{"line":24,"column":5}},"line":22},"4":{"name":"(anonymous_4)","decl":{"start":{"line":26,"column":44},"end":{"line":26,"column":45}},"loc":{"start":{"line":26,"column":56},"end":{"line":42,"column":5}},"line":26},"5":{"name":"(anonymous_5)","decl":{"start":{"line":44,"column":41},"end":{"line":44,"column":42}},"loc":{"start":{"line":44,"column":53},"end":{"line":59,"column":5}},"line":44},"6":{"name":"(anonymous_6)","decl":{"start":{"line":61,"column":43},"end":{"line":61,"column":44}},"loc":{"start":{"line":61,"column":55},"end":{"line":75,"column":5}},"line":61},"7":{"name":"(anonymous_7)","decl":{"start":{"line":76,"column":39},"end":{"line":76,"column":40}},"loc":{"start":{"line":76,"column":51},"end":{"line":90,"column":5}},"line":76}},"branchMap":{},"s":{"0":1,"1":1,"2":1,"3":1,"4":1,"5":1,"6":1,"7":1,"8":1,"9":1,"10":4,"11":4,"12":4,"13":1,"14":1,"15":1,"16":1,"17":1,"18":1,"19":1,"20":1,"21":1,"22":1,"23":1,"24":1,"25":1,"26":1,"27":1,"28":1,"29":1,"30":1,"31":1,"32":1,"33":1,"34":1,"35":0,"36":0,"37":1,"38":1,"39":1,"40":1,"41":0,"42":0},"f":{"0":1,"1":1,"2":4,"3":1,"4":1,"5":1,"6":1,"7":1},"b":{},"_coverageSchema":"1a1c01bbd47fc00a2c39e90264f33305004495a9","hash":"31c869b9bfd19286bc3c2c0a723505f8c92f0b92","contentHash":"bf13f144de60aedcb274490f456d61b15c960fd55fd80b39911e70719b45e592"},"/Users/mario/Desktop/FinalProyect/Api/logic/createPost.js":{"path":"/Users/mario/Desktop/FinalProyect/Api/logic/createPost.js","statementMap":{"0":{"start":{"line":3,"column":4},"end":{"line":3,"column":18}},"1":{"start":{"line":4,"column":23},"end":{"line":4,"column":51}},"2":{"start":{"line":6,"column":0},"end":{"line":42,"column":1}},"3":{"start":{"line":8,"column":4},"end":{"line":8,"column":35}},"4":{"start":{"line":9,"column":4},"end":{"line":9,"column":22}},"5":{"start":{"line":10,"column":4},"end":{"line":10,"column":41}},"6":{"start":{"line":12,"column":4},"end":{"line":25,"column":8}},"7":{"start":{"line":13,"column":21},"end":{"line":13,"column":48}},"8":{"start":{"line":15,"column":8},"end":{"line":15,"column":60}},"9":{"start":{"line":15,"column":19},"end":{"line":15,"column":60}},"10":{"start":{"line":17,"column":21},"end":{"line":22,"column":10}},"11":{"start":{"line":24,"column":8},"end":{"line":24,"column":23}}},"fnMap":{"0":{"name":"(anonymous_0)","decl":{"start":{"line":6,"column":17},"end":{"line":6,"column":18}},"loc":{"start":{"line":6,"column":52},"end":{"line":42,"column":1}},"line":6},"1":{"name":"(anonymous_1)","decl":{"start":{"line":12,"column":12},"end":{"line":12,"column":13}},"loc":{"start":{"line":12,"column":24},"end":{"line":25,"column":5}},"line":12}},"branchMap":{"0":{"loc":{"start":{"line":15,"column":8},"end":{"line":15,"column":60}},"type":"if","locations":[{"start":{"line":15,"column":8},"end":{"line":15,"column":60}},{"start":{"line":15,"column":8},"end":{"line":15,"column":60}}],"line":15}},"s":{"0":1,"1":1,"2":1,"3":4,"4":4,"5":4,"6":4,"7":4,"8":4,"9":1,"10":3,"11":3},"f":{"0":4,"1":4},"b":{"0":[1,3]},"_coverageSchema":"1a1c01bbd47fc00a2c39e90264f33305004495a9","hash":"931d05a2b4adebbb97cf92dbc82a640bf2083689","contentHash":"5cda88d55f1b6ee45f1fd31928de763c7488a1f33013af49e3bb1349b7326aff"},"/Users/mario/Desktop/FinalProyect/Api/logic/specs/deletePost.spec.js":{"path":"/Users/mario/Desktop/FinalProyect/Api/logic/specs/deletePost.spec.js","statementMap":{"0":{"start":{"line":1,"column":0},"end":{"line":1,"column":26}},"1":{"start":{"line":3,"column":19},"end":{"line":3,"column":34}},"2":{"start":{"line":4,"column":17},"end":{"line":4,"column":36}},"3":{"start":{"line":5,"column":19},"end":{"line":5,"column":43}},"4":{"start":{"line":6,"column":23},"end":{"line":6,"column":51}},"5":{"start":{"line":7,"column":48},"end":{"line":7,"column":74}},"6":{"start":{"line":9,"column":0},"end":{"line":96,"column":2}},"7":{"start":{"line":13,"column":4},"end":{"line":15,"column":6}},"8":{"start":{"line":14,"column":8},"end":{"line":14,"column":60}},"9":{"start":{"line":17,"column":4},"end":{"line":25,"column":6}},"10":{"start":{"line":18,"column":8},"end":{"line":18,"column":23}},"11":{"start":{"line":20,"column":8},"end":{"line":20,"column":34}},"12":{"start":{"line":21,"column":8},"end":{"line":21,"column":34}},"13":{"start":{"line":22,"column":8},"end":{"line":22,"column":31}},"14":{"start":{"line":23,"column":8},"end":{"line":23,"column":31}},"15":{"start":{"line":24,"column":8},"end":{"line":24,"column":31}},"16":{"start":{"line":27,"column":4},"end":{"line":29,"column":6}},"17":{"start":{"line":28,"column":8},"end":{"line":28,"column":35}},"18":{"start":{"line":31,"column":4},"end":{"line":50,"column":6}},"19":{"start":{"line":32,"column":23},"end":{"line":32,"column":42}},"20":{"start":{"line":33,"column":23},"end":{"line":33,"column":42}},"21":{"start":{"line":35,"column":27},"end":{"line":35,"column":54}},"22":{"start":{"line":36,"column":8},"end":{"line":36,"column":37}},"23":{"start":{"line":37,"column":8},"end":{"line":37,"column":55}},"24":{"start":{"line":39,"column":27},"end":{"line":39,"column":54}},"25":{"start":{"line":40,"column":8},"end":{"line":40,"column":37}},"26":{"start":{"line":42,"column":8},"end":{"line":42,"column":40}},"27":{"start":{"line":44,"column":8},"end":{"line":44,"column":50}},"28":{"start":{"line":45,"column":8},"end":{"line":45,"column":37}},"29":{"start":{"line":46,"column":8},"end":{"line":46,"column":59}},"30":{"start":{"line":48,"column":8},"end":{"line":48,"column":50}},"31":{"start":{"line":49,"column":8},"end":{"line":49,"column":41}},"32":{"start":{"line":52,"column":4},"end":{"line":64,"column":6}},"33":{"start":{"line":53,"column":27},"end":{"line":53,"column":63}},"34":{"start":{"line":54,"column":23},"end":{"line":54,"column":42}},"35":{"start":{"line":56,"column":8},"end":{"line":63,"column":9}},"36":{"start":{"line":57,"column":12},"end":{"line":57,"column":48}},"37":{"start":{"line":59,"column":12},"end":{"line":59,"column":34}},"38":{"start":{"line":60,"column":12},"end":{"line":62,"column":13}},"39":{"start":{"line":66,"column":4},"end":{"line":78,"column":6}},"40":{"start":{"line":67,"column":23},"end":{"line":67,"column":42}},"41":{"start":{"line":68,"column":27},"end":{"line":68,"column":63}},"42":{"start":{"line":70,"column":8},"end":{"line":77,"column":9}},"43":{"start":{"line":71,"column":12},"end":{"line":71,"column":48}},"44":{"start":{"line":73,"column":12},"end":{"line":73,"column":34}},"45":{"start":{"line":74,"column":12},"end":{"line":76,"column":13}},"46":{"start":{"line":80,"column":4},"end":{"line":95,"column":6}},"47":{"start":{"line":81,"column":26},"end":{"line":81,"column":45}},"48":{"start":{"line":82,"column":8},"end":{"line":82,"column":36}},"49":{"start":{"line":84,"column":23},"end":{"line":84,"column":47}},"50":{"start":{"line":85,"column":23},"end":{"line":85,"column":42}},"51":{"start":{"line":87,"column":8},"end":{"line":94,"column":9}},"52":{"start":{"line":88,"column":12},"end":{"line":88,"column":44}},"53":{"start":{"line":90,"column":12},"end":{"line":90,"column":34}},"54":{"start":{"line":91,"column":12},"end":{"line":93,"column":13}}},"fnMap":{"0":{"name":"(anonymous_0)","decl":{"start":{"line":9,"column":23},"end":{"line":9,"column":24}},"loc":{"start":{"line":9,"column":29},"end":{"line":96,"column":1}},"line":9},"1":{"name":"(anonymous_1)","decl":{"start":{"line":13,"column":11},"end":{"line":13,"column":12}},"loc":{"start":{"line":13,"column":23},"end":{"line":15,"column":5}},"line":13},"2":{"name":"(anonymous_2)","decl":{"start":{"line":17,"column":15},"end":{"line":17,"column":16}},"loc":{"start":{"line":17,"column":27},"end":{"line":25,"column":5}},"line":17},"3":{"name":"(anonymous_3)","decl":{"start":{"line":27,"column":10},"end":{"line":27,"column":11}},"loc":{"start":{"line":27,"column":22},"end":{"line":29,"column":5}},"line":27},"4":{"name":"(anonymous_4)","decl":{"start":{"line":31,"column":49},"end":{"line":31,"column":50}},"loc":{"start":{"line":31,"column":61},"end":{"line":50,"column":5}},"line":31},"5":{"name":"(anonymous_5)","decl":{"start":{"line":52,"column":43},"end":{"line":52,"column":44}},"loc":{"start":{"line":52,"column":55},"end":{"line":64,"column":5}},"line":52},"6":{"name":"(anonymous_6)","decl":{"start":{"line":66,"column":43},"end":{"line":66,"column":44}},"loc":{"start":{"line":66,"column":55},"end":{"line":78,"column":5}},"line":66},"7":{"name":"(anonymous_7)","decl":{"start":{"line":80,"column":60},"end":{"line":80,"column":61}},"loc":{"start":{"line":80,"column":72},"end":{"line":95,"column":5}},"line":80}},"branchMap":{},"s":{"0":1,"1":1,"2":1,"3":1,"4":1,"5":1,"6":1,"7":1,"8":1,"9":1,"10":1,"11":1,"12":1,"13":1,"14":1,"15":1,"16":1,"17":1,"18":1,"19":0,"20":0,"21":0,"22":0,"23":0,"24":0,"25":0,"26":0,"27":0,"28":0,"29":0,"30":0,"31":0,"32":1,"33":0,"34":0,"35":0,"36":0,"37":0,"38":0,"39":1,"40":0,"41":0,"42":0,"43":0,"44":0,"45":0,"46":1,"47":0,"48":0,"49":0,"50":0,"51":0,"52":0,"53":0,"54":0},"f":{"0":1,"1":1,"2":1,"3":1,"4":0,"5":0,"6":0,"7":0},"b":{},"_coverageSchema":"1a1c01bbd47fc00a2c39e90264f33305004495a9","hash":"646c6da576ef1f0dbab0705132d64ab01124f852","contentHash":"4ede1a39fe76d4193f4296ff02b320968233424699d2a94010c0c9d54609880f"},"/Users/mario/Desktop/FinalProyect/Api/logic/deletePost.js":{"path":"/Users/mario/Desktop/FinalProyect/Api/logic/deletePost.js","statementMap":{"0":{"start":{"line":1,"column":23},"end":{"line":1,"column":48}},"1":{"start":{"line":5,"column":4},"end":{"line":5,"column":18}},"2":{"start":{"line":7,"column":0},"end":{"line":32,"column":1}},"3":{"start":{"line":8,"column":4},"end":{"line":8,"column":33}},"4":{"start":{"line":9,"column":4},"end":{"line":9,"column":33}},"5":{"start":{"line":11,"column":4},"end":{"line":31,"column":6}},"6":{"start":{"line":15,"column":8},"end":{"line":15,"column":76}},"7":{"start":{"line":15,"column":19},"end":{"line":15,"column":76}},"8":{"start":{"line":16,"column":8},"end":{"line":16,"column":76}},"9":{"start":{"line":16,"column":19},"end":{"line":16,"column":76}},"10":{"start":{"line":17,"column":8},"end":{"line":20,"column":13}},"11":{"start":{"line":18,"column":12},"end":{"line":20,"column":13}},"12":{"start":{"line":22,"column":8},"end":{"line":30,"column":10}},"13":{"start":{"line":23,"column":12},"end":{"line":29,"column":14}},"14":{"start":{"line":24,"column":16},"end":{"line":26,"column":17}},"15":{"start":{"line":25,"column":52},"end":{"line":25,"column":67}},"16":{"start":{"line":28,"column":16},"end":{"line":28,"column":54}}},"fnMap":{"0":{"name":"(anonymous_0)","decl":{"start":{"line":7,"column":17},"end":{"line":7,"column":18}},"loc":{"start":{"line":7,"column":29},"end":{"line":32,"column":1}},"line":7},"1":{"name":"(anonymous_1)","decl":{"start":{"line":14,"column":12},"end":{"line":14,"column":13}},"loc":{"start":{"line":14,"column":30},"end":{"line":31,"column":5}},"line":14},"2":{"name":"(anonymous_2)","decl":{"start":{"line":22,"column":32},"end":{"line":22,"column":33}},"loc":{"start":{"line":22,"column":43},"end":{"line":30,"column":9}},"line":22},"3":{"name":"(anonymous_3)","decl":{"start":{"line":23,"column":26},"end":{"line":23,"column":27}},"loc":{"start":{"line":23,"column":36},"end":{"line":29,"column":13}},"line":23},"4":{"name":"(anonymous_4)","decl":{"start":{"line":25,"column":42},"end":{"line":25,"column":43}},"loc":{"start":{"line":25,"column":52},"end":{"line":25,"column":67}},"line":25}},"branchMap":{"0":{"loc":{"start":{"line":15,"column":8},"end":{"line":15,"column":76}},"type":"if","locations":[{"start":{"line":15,"column":8},"end":{"line":15,"column":76}},{"start":{"line":15,"column":8},"end":{"line":15,"column":76}}],"line":15},"1":{"loc":{"start":{"line":16,"column":8},"end":{"line":16,"column":76}},"type":"if","locations":[{"start":{"line":16,"column":8},"end":{"line":16,"column":76}},{"start":{"line":16,"column":8},"end":{"line":16,"column":76}}],"line":16},"2":{"loc":{"start":{"line":17,"column":8},"end":{"line":20,"column":13}},"type":"if","locations":[{"start":{"line":17,"column":8},"end":{"line":20,"column":13}},{"start":{"line":17,"column":8},"end":{"line":20,"column":13}}],"line":17}},"s":{"0":1,"1":1,"2":1,"3":0,"4":0,"5":0,"6":0,"7":0,"8":0,"9":0,"10":0,"11":0,"12":0,"13":0,"14":0,"15":0,"16":0},"f":{"0":0,"1":0,"2":0,"3":0,"4":0},"b":{"0":[0,0],"1":[0,0],"2":[0,0]},"_coverageSchema":"1a1c01bbd47fc00a2c39e90264f33305004495a9","hash":"2d99e307e8e53e2d212a0613646787de88737cc2","contentHash":"7dc8fa7e756265c1f5417b62a88b52a76ca1eb84f237ba13962d3e18cd9424dd"},"/Users/mario/Desktop/FinalProyect/Api/logic/specs/registerUser.spec.js":{"path":"/Users/mario/Desktop/FinalProyect/Api/logic/specs/registerUser.spec.js","statementMap":{"0":{"start":{"line":1,"column":0},"end":{"line":1,"column":26}},"1":{"start":{"line":2,"column":19},"end":{"line":2,"column":34}},"2":{"start":{"line":3,"column":21},"end":{"line":3,"column":37}},"3":{"start":{"line":4,"column":21},"end":{"line":4,"column":47}},"4":{"start":{"line":5,"column":21},"end":{"line":5,"column":40}},"5":{"start":{"line":6,"column":34},"end":{"line":6,"column":60}},"6":{"start":{"line":7,"column":17},"end":{"line":7,"column":45}},"7":{"start":{"line":9,"column":0},"end":{"line":94,"column":2}},"8":{"start":{"line":11,"column":4},"end":{"line":13,"column":6}},"9":{"start":{"line":12,"column":8},"end":{"line":12,"column":60}},"10":{"start":{"line":15,"column":4},"end":{"line":19,"column":6}},"11":{"start":{"line":16,"column":8},"end":{"line":16,"column":34}},"12":{"start":{"line":18,"column":8},"end":{"line":18,"column":23}},"13":{"start":{"line":21,"column":4},"end":{"line":23,"column":6}},"14":{"start":{"line":22,"column":8},"end":{"line":22,"column":35}},"15":{"start":{"line":25,"column":4},"end":{"line":35,"column":6}},"16":{"start":{"line":26,"column":8},"end":{"line":26,"column":64}},"17":{"start":{"line":28,"column":31},"end":{"line":28,"column":72}},"18":{"start":{"line":30,"column":8},"end":{"line":30,"column":39}},"19":{"start":{"line":31,"column":8},"end":{"line":31,"column":55}},"20":{"start":{"line":32,"column":8},"end":{"line":32,"column":57}},"21":{"start":{"line":33,"column":8},"end":{"line":33,"column":63}},"22":{"start":{"line":34,"column":8},"end":{"line":34,"column":48}},"23":{"start":{"line":37,"column":4},"end":{"line":57,"column":6}},"24":{"start":{"line":38,"column":8},"end":{"line":44,"column":10}},"25":{"start":{"line":46,"column":8},"end":{"line":56,"column":9}},"26":{"start":{"line":47,"column":12},"end":{"line":52,"column":13}},"27":{"start":{"line":54,"column":12},"end":{"line":54,"column":46}},"28":{"start":{"line":55,"column":12},"end":{"line":55,"column":64}},"29":{"start":{"line":59,"column":4},"end":{"line":63,"column":6}},"30":{"start":{"line":60,"column":8},"end":{"line":62,"column":42}},"31":{"start":{"line":61,"column":12},"end":{"line":61,"column":80}},"32":{"start":{"line":65,"column":4},"end":{"line":69,"column":6}},"33":{"start":{"line":66,"column":8},"end":{"line":68,"column":49}},"34":{"start":{"line":67,"column":12},"end":{"line":67,"column":72}},"35":{"start":{"line":71,"column":4},"end":{"line":75,"column":6}},"36":{"start":{"line":72,"column":8},"end":{"line":74,"column":43}},"37":{"start":{"line":73,"column":12},"end":{"line":73,"column":79}},"38":{"start":{"line":77,"column":4},"end":{"line":81,"column":6}},"39":{"start":{"line":78,"column":8},"end":{"line":80,"column":50}},"40":{"start":{"line":79,"column":12},"end":{"line":79,"column":71}},"41":{"start":{"line":83,"column":4},"end":{"line":87,"column":6}},"42":{"start":{"line":84,"column":8},"end":{"line":86,"column":46}},"43":{"start":{"line":85,"column":12},"end":{"line":85,"column":76}},"44":{"start":{"line":89,"column":4},"end":{"line":93,"column":6}},"45":{"start":{"line":90,"column":8},"end":{"line":92,"column":53}},"46":{"start":{"line":91,"column":12},"end":{"line":91,"column":68}}},"fnMap":{"0":{"name":"(anonymous_0)","decl":{"start":{"line":9,"column":25},"end":{"line":9,"column":26}},"loc":{"start":{"line":9,"column":31},"end":{"line":94,"column":1}},"line":9},"1":{"name":"(anonymous_1)","decl":{"start":{"line":11,"column":11},"end":{"line":11,"column":12}},"loc":{"start":{"line":11,"column":23},"end":{"line":13,"column":5}},"line":11},"2":{"name":"(anonymous_2)","decl":{"start":{"line":15,"column":15},"end":{"line":15,"column":16}},"loc":{"start":{"line":15,"column":27},"end":{"line":19,"column":5}},"line":15},"3":{"name":"(anonymous_3)","decl":{"start":{"line":21,"column":10},"end":{"line":21,"column":11}},"loc":{"start":{"line":21,"column":22},"end":{"line":23,"column":5}},"line":21},"4":{"name":"(anonymous_4)","decl":{"start":{"line":25,"column":42},"end":{"line":25,"column":43}},"loc":{"start":{"line":25,"column":54},"end":{"line":35,"column":5}},"line":25},"5":{"name":"(anonymous_5)","decl":{"start":{"line":37,"column":41},"end":{"line":37,"column":42}},"loc":{"start":{"line":37,"column":53},"end":{"line":57,"column":5}},"line":37},"6":{"name":"(anonymous_6)","decl":{"start":{"line":59,"column":30},"end":{"line":59,"column":31}},"loc":{"start":{"line":59,"column":36},"end":{"line":63,"column":5}},"line":59},"7":{"name":"(anonymous_7)","decl":{"start":{"line":60,"column":15},"end":{"line":60,"column":16}},"loc":{"start":{"line":61,"column":12},"end":{"line":61,"column":80}},"line":61},"8":{"name":"(anonymous_8)","decl":{"start":{"line":61,"column":71},"end":{"line":61,"column":72}},"loc":{"start":{"line":61,"column":77},"end":{"line":61,"column":79}},"line":61},"9":{"name":"(anonymous_9)","decl":{"start":{"line":65,"column":34},"end":{"line":65,"column":35}},"loc":{"start":{"line":65,"column":40},"end":{"line":69,"column":5}},"line":65},"10":{"name":"(anonymous_10)","decl":{"start":{"line":66,"column":15},"end":{"line":66,"column":16}},"loc":{"start":{"line":67,"column":12},"end":{"line":67,"column":72}},"line":67},"11":{"name":"(anonymous_11)","decl":{"start":{"line":67,"column":63},"end":{"line":67,"column":64}},"loc":{"start":{"line":67,"column":69},"end":{"line":67,"column":71}},"line":67},"12":{"name":"(anonymous_12)","decl":{"start":{"line":71,"column":31},"end":{"line":71,"column":32}},"loc":{"start":{"line":71,"column":37},"end":{"line":75,"column":5}},"line":71},"13":{"name":"(anonymous_13)","decl":{"start":{"line":72,"column":15},"end":{"line":72,"column":16}},"loc":{"start":{"line":73,"column":12},"end":{"line":73,"column":79}},"line":73},"14":{"name":"(anonymous_14)","decl":{"start":{"line":73,"column":70},"end":{"line":73,"column":71}},"loc":{"start":{"line":73,"column":76},"end":{"line":73,"column":78}},"line":73},"15":{"name":"(anonymous_15)","decl":{"start":{"line":77,"column":35},"end":{"line":77,"column":36}},"loc":{"start":{"line":77,"column":41},"end":{"line":81,"column":5}},"line":77},"16":{"name":"(anonymous_16)","decl":{"start":{"line":78,"column":15},"end":{"line":78,"column":16}},"loc":{"start":{"line":79,"column":12},"end":{"line":79,"column":71}},"line":79},"17":{"name":"(anonymous_17)","decl":{"start":{"line":79,"column":62},"end":{"line":79,"column":63}},"loc":{"start":{"line":79,"column":68},"end":{"line":79,"column":70}},"line":79},"18":{"name":"(anonymous_18)","decl":{"start":{"line":83,"column":34},"end":{"line":83,"column":35}},"loc":{"start":{"line":83,"column":40},"end":{"line":87,"column":5}},"line":83},"19":{"name":"(anonymous_19)","decl":{"start":{"line":84,"column":15},"end":{"line":84,"column":16}},"loc":{"start":{"line":85,"column":12},"end":{"line":85,"column":76}},"line":85},"20":{"name":"(anonymous_20)","decl":{"start":{"line":85,"column":67},"end":{"line":85,"column":68}},"loc":{"start":{"line":85,"column":73},"end":{"line":85,"column":75}},"line":85},"21":{"name":"(anonymous_21)","decl":{"start":{"line":89,"column":38},"end":{"line":89,"column":39}},"loc":{"start":{"line":89,"column":44},"end":{"line":93,"column":5}},"line":89},"22":{"name":"(anonymous_22)","decl":{"start":{"line":90,"column":15},"end":{"line":90,"column":16}},"loc":{"start":{"line":91,"column":12},"end":{"line":91,"column":68}},"line":91},"23":{"name":"(anonymous_23)","decl":{"start":{"line":91,"column":59},"end":{"line":91,"column":60}},"loc":{"start":{"line":91,"column":65},"end":{"line":91,"column":67}},"line":91}},"branchMap":{},"s":{"0":1,"1":1,"2":1,"3":1,"4":1,"5":1,"6":1,"7":1,"8":1,"9":1,"10":1,"11":8,"12":8,"13":1,"14":1,"15":1,"16":1,"17":1,"18":1,"19":1,"20":1,"21":1,"22":1,"23":1,"24":1,"25":1,"26":1,"27":1,"28":1,"29":1,"30":1,"31":1,"32":1,"33":1,"34":1,"35":1,"36":1,"37":1,"38":1,"39":1,"40":1,"41":1,"42":1,"43":1,"44":1,"45":1,"46":1},"f":{"0":1,"1":1,"2":8,"3":1,"4":1,"5":1,"6":1,"7":1,"8":0,"9":1,"10":1,"11":0,"12":1,"13":1,"14":0,"15":1,"16":1,"17":0,"18":1,"19":1,"20":0,"21":1,"22":1,"23":0},"b":{},"_coverageSchema":"1a1c01bbd47fc00a2c39e90264f33305004495a9","hash":"eb521e0e37deb4d257ac3f0853ab2aec80f21f27","contentHash":"abc056dcd6e703adbd2f861ef430a9efd8bd9cb70baeffe023a5f24f4dbc61f0"},"/Users/mario/Desktop/FinalProyect/Api/logic/registerUser.js":{"path":"/Users/mario/Desktop/FinalProyect/Api/logic/registerUser.js","statementMap":{"0":{"start":{"line":4,"column":4},"end":{"line":4,"column":18}},"1":{"start":{"line":5,"column":17},"end":{"line":5,"column":42}},"2":{"start":{"line":22,"column":0},"end":{"line":40,"column":1}},"3":{"start":{"line":23,"column":4},"end":{"line":23,"column":22}},"4":{"start":{"line":24,"column":4},"end":{"line":24,"column":24}},"5":{"start":{"line":25,"column":4},"end":{"line":25,"column":30}},"6":{"start":{"line":27,"column":4},"end":{"line":39,"column":8}},"7":{"start":{"line":28,"column":8},"end":{"line":38,"column":9}},"8":{"start":{"line":29,"column":12},"end":{"line":29,"column":80}},"9":{"start":{"line":31,"column":12},"end":{"line":35,"column":17}},"10":{"start":{"line":32,"column":16},"end":{"line":35,"column":17}},"11":{"start":{"line":37,"column":12},"end":{"line":37,"column":23}}},"fnMap":{"0":{"name":"(anonymous_0)","decl":{"start":{"line":22,"column":17},"end":{"line":22,"column":18}},"loc":{"start":{"line":22,"column":44},"end":{"line":40,"column":1}},"line":22},"1":{"name":"(anonymous_1)","decl":{"start":{"line":27,"column":12},"end":{"line":27,"column":13}},"loc":{"start":{"line":27,"column":24},"end":{"line":39,"column":5}},"line":27}},"branchMap":{"0":{"loc":{"start":{"line":31,"column":12},"end":{"line":35,"column":17}},"type":"if","locations":[{"start":{"line":31,"column":12},"end":{"line":35,"column":17}},{"start":{"line":31,"column":12},"end":{"line":35,"column":17}}],"line":31}},"s":{"0":1,"1":1,"2":1,"3":8,"4":6,"5":4,"6":2,"7":2,"8":2,"9":1,"10":1,"11":0},"f":{"0":8,"1":2},"b":{"0":[1,0]},"_coverageSchema":"1a1c01bbd47fc00a2c39e90264f33305004495a9","hash":"6c5acb7b22cfb37c2954867391cad73d4be50478","contentHash":"d6c7aca60008e454a32bbb1fd8953653c41c8ac95d6223c0ecbfd73193abc166"},"/Users/mario/Desktop/FinalProyect/Api/logic/specs/removeCommentFromPost.spec.js":{"path":"/Users/mario/Desktop/FinalProyect/Api/logic/specs/removeCommentFromPost.spec.js","statementMap":{"0":{"start":{"line":1,"column":0},"end":{"line":1,"column":26}},"1":{"start":{"line":2,"column":19},"end":{"line":2,"column":34}},"2":{"start":{"line":3,"column":30},"end":{"line":3,"column":65}},"3":{"start":{"line":4,"column":23},"end":{"line":4,"column":51}},"4":{"start":{"line":10,"column":4},"end":{"line":10,"column":30}},"5":{"start":{"line":11,"column":17},"end":{"line":11,"column":36}},"6":{"start":{"line":13,"column":0},"end":{"line":112,"column":2}},"7":{"start":{"line":18,"column":4},"end":{"line":20,"column":6}},"8":{"start":{"line":19,"column":8},"end":{"line":19,"column":60}},"9":{"start":{"line":22,"column":4},"end":{"line":31,"column":6}},"10":{"start":{"line":23,"column":8},"end":{"line":23,"column":23}},"11":{"start":{"line":25,"column":8},"end":{"line":25,"column":34}},"12":{"start":{"line":26,"column":8},"end":{"line":26,"column":42}},"13":{"start":{"line":27,"column":8},"end":{"line":27,"column":51}},"14":{"start":{"line":29,"column":8},"end":{"line":29,"column":31}},"15":{"start":{"line":30,"column":8},"end":{"line":30,"column":31}},"16":{"start":{"line":33,"column":4},"end":{"line":35,"column":6}},"17":{"start":{"line":34,"column":8},"end":{"line":34,"column":35}},"18":{"start":{"line":37,"column":4},"end":{"line":54,"column":6}},"19":{"start":{"line":38,"column":8},"end":{"line":38,"column":35}},"20":{"start":{"line":39,"column":8},"end":{"line":39,"column":25}},"21":{"start":{"line":41,"column":46},"end":{"line":45,"column":9}},"22":{"start":{"line":47,"column":8},"end":{"line":47,"column":62}},"23":{"start":{"line":49,"column":28},"end":{"line":49,"column":55}},"24":{"start":{"line":51,"column":8},"end":{"line":51,"column":36}},"25":{"start":{"line":52,"column":8},"end":{"line":52,"column":54}},"26":{"start":{"line":53,"column":8},"end":{"line":53,"column":48}},"27":{"start":{"line":56,"column":4},"end":{"line":71,"column":6}},"28":{"start":{"line":57,"column":30},"end":{"line":57,"column":70}},"29":{"start":{"line":59,"column":8},"end":{"line":70,"column":9}},"30":{"start":{"line":60,"column":12},"end":{"line":64,"column":13}},"31":{"start":{"line":66,"column":12},"end":{"line":66,"column":34}},"32":{"start":{"line":67,"column":12},"end":{"line":69,"column":13}},"33":{"start":{"line":73,"column":4},"end":{"line":94,"column":6}},"34":{"start":{"line":74,"column":26},"end":{"line":74,"column":45}},"35":{"start":{"line":75,"column":8},"end":{"line":75,"column":36}},"36":{"start":{"line":77,"column":8},"end":{"line":77,"column":35}},"37":{"start":{"line":78,"column":8},"end":{"line":78,"column":25}},"38":{"start":{"line":80,"column":8},"end":{"line":93,"column":9}},"39":{"start":{"line":81,"column":12},"end":{"line":85,"column":13}},"40":{"start":{"line":87,"column":12},"end":{"line":87,"column":34}},"41":{"start":{"line":88,"column":12},"end":{"line":92,"column":13}},"42":{"start":{"line":96,"column":4},"end":{"line":109,"column":6}},"43":{"start":{"line":97,"column":27},"end":{"line":97,"column":67}},"44":{"start":{"line":99,"column":8},"end":{"line":108,"column":9}},"45":{"start":{"line":100,"column":12},"end":{"line":104,"column":13}},"46":{"start":{"line":106,"column":12},"end":{"line":106,"column":34}},"47":{"start":{"line":107,"column":12},"end":{"line":107,"column":68}}},"fnMap":{"0":{"name":"(anonymous_0)","decl":{"start":{"line":13,"column":34},"end":{"line":13,"column":35}},"loc":{"start":{"line":13,"column":40},"end":{"line":112,"column":1}},"line":13},"1":{"name":"(anonymous_1)","decl":{"start":{"line":18,"column":11},"end":{"line":18,"column":12}},"loc":{"start":{"line":18,"column":23},"end":{"line":20,"column":5}},"line":18},"2":{"name":"(anonymous_2)","decl":{"start":{"line":22,"column":15},"end":{"line":22,"column":16}},"loc":{"start":{"line":22,"column":27},"end":{"line":31,"column":5}},"line":22},"3":{"name":"(anonymous_3)","decl":{"start":{"line":33,"column":10},"end":{"line":33,"column":11}},"loc":{"start":{"line":33,"column":22},"end":{"line":35,"column":5}},"line":33},"4":{"name":"(anonymous_4)","decl":{"start":{"line":37,"column":47},"end":{"line":37,"column":48}},"loc":{"start":{"line":37,"column":59},"end":{"line":54,"column":5}},"line":37},"5":{"name":"(anonymous_5)","decl":{"start":{"line":56,"column":55},"end":{"line":56,"column":56}},"loc":{"start":{"line":56,"column":67},"end":{"line":71,"column":5}},"line":56},"6":{"name":"(anonymous_6)","decl":{"start":{"line":73,"column":61},"end":{"line":73,"column":62}},"loc":{"start":{"line":73,"column":73},"end":{"line":94,"column":5}},"line":73},"7":{"name":"(anonymous_7)","decl":{"start":{"line":96,"column":63},"end":{"line":96,"column":64}},"loc":{"start":{"line":96,"column":75},"end":{"line":109,"column":5}},"line":96}},"branchMap":{},"s":{"0":1,"1":1,"2":1,"3":1,"4":1,"5":1,"6":1,"7":1,"8":1,"9":1,"10":4,"11":4,"12":4,"13":4,"14":4,"15":4,"16":1,"17":1,"18":1,"19":1,"20":0,"21":0,"22":0,"23":0,"24":0,"25":0,"26":0,"27":1,"28":1,"29":1,"30":1,"31":1,"32":1,"33":1,"34":1,"35":1,"36":1,"37":0,"38":0,"39":0,"40":0,"41":0,"42":1,"43":1,"44":1,"45":1,"46":1,"47":1},"f":{"0":1,"1":1,"2":4,"3":1,"4":1,"5":1,"6":1,"7":1},"b":{},"_coverageSchema":"1a1c01bbd47fc00a2c39e90264f33305004495a9","hash":"3762b5ace112c54a538dbc03b0f1f88e7fcb1462","contentHash":"0e9ce78c754eeb74b06707e9110bff3ea2a859a775e771d5078bbc2b9e170d69"},"/Users/mario/Desktop/FinalProyect/Api/logic/removeCommentFromPost.js":{"path":"/Users/mario/Desktop/FinalProyect/Api/logic/removeCommentFromPost.js","statementMap":{"0":{"start":{"line":3,"column":4},"end":{"line":3,"column":18}},"1":{"start":{"line":4,"column":32},"end":{"line":4,"column":57}},"2":{"start":{"line":6,"column":0},"end":{"line":37,"column":1}},"3":{"start":{"line":7,"column":4},"end":{"line":7,"column":33}},"4":{"start":{"line":8,"column":4},"end":{"line":8,"column":33}},"5":{"start":{"line":9,"column":4},"end":{"line":9,"column":39}},"6":{"start":{"line":11,"column":4},"end":{"line":36,"column":23}},"7":{"start":{"line":13,"column":12},"end":{"line":13,"column":74}},"8":{"start":{"line":13,"column":23},"end":{"line":13,"column":74}},"9":{"start":{"line":14,"column":12},"end":{"line":14,"column":64}},"10":{"start":{"line":14,"column":23},"end":{"line":14,"column":64}},"11":{"start":{"line":16,"column":26},"end":{"line":18,"column":13}},"12":{"start":{"line":17,"column":29},"end":{"line":17,"column":53}},"13":{"start":{"line":20,"column":12},"end":{"line":23,"column":17}},"14":{"start":{"line":21,"column":16},"end":{"line":23,"column":17}},"15":{"start":{"line":25,"column":28},"end":{"line":25,"column":48}},"16":{"start":{"line":27,"column":12},"end":{"line":30,"column":17}},"17":{"start":{"line":28,"column":16},"end":{"line":30,"column":17}},"18":{"start":{"line":32,"column":12},"end":{"line":32,"column":42}},"19":{"start":{"line":34,"column":12},"end":{"line":34,"column":30}}},"fnMap":{"0":{"name":"(anonymous_0)","decl":{"start":{"line":6,"column":17},"end":{"line":6,"column":18}},"loc":{"start":{"line":6,"column":48},"end":{"line":37,"column":1}},"line":6},"1":{"name":"(anonymous_1)","decl":{"start":{"line":12,"column":14},"end":{"line":12,"column":15}},"loc":{"start":{"line":12,"column":32},"end":{"line":35,"column":9}},"line":12},"2":{"name":"(anonymous_2)","decl":{"start":{"line":17,"column":16},"end":{"line":17,"column":17}},"loc":{"start":{"line":17,"column":29},"end":{"line":17,"column":53}},"line":17},"3":{"name":"(anonymous_3)","decl":{"start":{"line":36,"column":14},"end":{"line":36,"column":15}},"loc":{"start":{"line":36,"column":20},"end":{"line":36,"column":22}},"line":36}},"branchMap":{"0":{"loc":{"start":{"line":13,"column":12},"end":{"line":13,"column":74}},"type":"if","locations":[{"start":{"line":13,"column":12},"end":{"line":13,"column":74}},{"start":{"line":13,"column":12},"end":{"line":13,"column":74}}],"line":13},"1":{"loc":{"start":{"line":14,"column":12},"end":{"line":14,"column":64}},"type":"if","locations":[{"start":{"line":14,"column":12},"end":{"line":14,"column":64}},{"start":{"line":14,"column":12},"end":{"line":14,"column":64}}],"line":14},"2":{"loc":{"start":{"line":20,"column":12},"end":{"line":23,"column":17}},"type":"if","locations":[{"start":{"line":20,"column":12},"end":{"line":23,"column":17}},{"start":{"line":20,"column":12},"end":{"line":23,"column":17}}],"line":20},"3":{"loc":{"start":{"line":27,"column":12},"end":{"line":30,"column":17}},"type":"if","locations":[{"start":{"line":27,"column":12},"end":{"line":30,"column":17}},{"start":{"line":27,"column":12},"end":{"line":30,"column":17}}],"line":27}},"s":{"0":1,"1":1,"2":1,"3":2,"4":2,"5":2,"6":1,"7":1,"8":0,"9":1,"10":0,"11":1,"12":0,"13":1,"14":1,"15":0,"16":0,"17":0,"18":0,"19":0},"f":{"0":2,"1":1,"2":0,"3":0},"b":{"0":[0,1],"1":[0,1],"2":[1,0],"3":[0,0]},"_coverageSchema":"1a1c01bbd47fc00a2c39e90264f33305004495a9","hash":"dba29112d5065680b2cf30a4bbbbbfb3d5ce69ab","contentHash":"bee9add5762d40dc7ae6b77144a1ed3ebac0d71fbb7494b2115a3ce4bdf5935e"},"/Users/mario/Desktop/FinalProyect/Api/logic/specs/retrievePets.spec.js":{"path":"/Users/mario/Desktop/FinalProyect/Api/logic/specs/retrievePets.spec.js","statementMap":{"0":{"start":{"line":1,"column":0},"end":{"line":1,"column":26}},"1":{"start":{"line":2,"column":19},"end":{"line":2,"column":34}},"2":{"start":{"line":3,"column":21},"end":{"line":3,"column":47}},"3":{"start":{"line":4,"column":22},"end":{"line":4,"column":50}},"4":{"start":{"line":5,"column":47},"end":{"line":5,"column":73}},"5":{"start":{"line":6,"column":17},"end":{"line":6,"column":36}},"6":{"start":{"line":8,"column":0},"end":{"line":65,"column":2}},"7":{"start":{"line":11,"column":4},"end":{"line":13,"column":6}},"8":{"start":{"line":12,"column":8},"end":{"line":12,"column":60}},"9":{"start":{"line":15,"column":4},"end":{"line":20,"column":6}},"10":{"start":{"line":16,"column":8},"end":{"line":16,"column":23}},"11":{"start":{"line":18,"column":8},"end":{"line":18,"column":34}},"12":{"start":{"line":19,"column":8},"end":{"line":19,"column":31}},"13":{"start":{"line":22,"column":4},"end":{"line":24,"column":6}},"14":{"start":{"line":23,"column":8},"end":{"line":23,"column":35}},"15":{"start":{"line":26,"column":4},"end":{"line":49,"column":6}},"16":{"start":{"line":27,"column":26},"end":{"line":27,"column":27}},"17":{"start":{"line":29,"column":8},"end":{"line":32,"column":9}},"18":{"start":{"line":29,"column":21},"end":{"line":29,"column":22}},"19":{"start":{"line":30,"column":24},"end":{"line":30,"column":49}},"20":{"start":{"line":31,"column":12},"end":{"line":31,"column":33}},"21":{"start":{"line":34,"column":25},"end":{"line":34,"column":64}},"22":{"start":{"line":36,"column":8},"end":{"line":36,"column":33}},"23":{"start":{"line":37,"column":8},"end":{"line":37,"column":42}},"24":{"start":{"line":38,"column":8},"end":{"line":38,"column":52}},"25":{"start":{"line":40,"column":8},"end":{"line":48,"column":10}},"26":{"start":{"line":41,"column":12},"end":{"line":41,"column":46}},"27":{"start":{"line":42,"column":12},"end":{"line":42,"column":48}},"28":{"start":{"line":43,"column":12},"end":{"line":43,"column":48}},"29":{"start":{"line":44,"column":12},"end":{"line":44,"column":47}},"30":{"start":{"line":45,"column":12},"end":{"line":45,"column":49}},"31":{"start":{"line":46,"column":12},"end":{"line":46,"column":55}},"32":{"start":{"line":47,"column":12},"end":{"line":47,"column":49}},"33":{"start":{"line":51,"column":4},"end":{"line":62,"column":6}},"34":{"start":{"line":52,"column":27},"end":{"line":52,"column":67}},"35":{"start":{"line":54,"column":8},"end":{"line":61,"column":9}},"36":{"start":{"line":55,"column":12},"end":{"line":55,"column":42}},"37":{"start":{"line":57,"column":12},"end":{"line":57,"column":34}},"38":{"start":{"line":58,"column":12},"end":{"line":60,"column":13}}},"fnMap":{"0":{"name":"(anonymous_0)","decl":{"start":{"line":8,"column":25},"end":{"line":8,"column":26}},"loc":{"start":{"line":8,"column":31},"end":{"line":65,"column":1}},"line":8},"1":{"name":"(anonymous_1)","decl":{"start":{"line":11,"column":11},"end":{"line":11,"column":12}},"loc":{"start":{"line":11,"column":23},"end":{"line":13,"column":5}},"line":11},"2":{"name":"(anonymous_2)","decl":{"start":{"line":15,"column":15},"end":{"line":15,"column":16}},"loc":{"start":{"line":15,"column":27},"end":{"line":20,"column":5}},"line":15},"3":{"name":"(anonymous_3)","decl":{"start":{"line":22,"column":10},"end":{"line":22,"column":11}},"loc":{"start":{"line":22,"column":22},"end":{"line":24,"column":5}},"line":22},"4":{"name":"(anonymous_4)","decl":{"start":{"line":26,"column":49},"end":{"line":26,"column":50}},"loc":{"start":{"line":26,"column":61},"end":{"line":49,"column":5}},"line":26},"5":{"name":"(anonymous_5)","decl":{"start":{"line":40,"column":25},"end":{"line":40,"column":26}},"loc":{"start":{"line":40,"column":34},"end":{"line":48,"column":9}},"line":40},"6":{"name":"(anonymous_6)","decl":{"start":{"line":51,"column":68},"end":{"line":51,"column":69}},"loc":{"start":{"line":51,"column":80},"end":{"line":62,"column":5}},"line":51}},"branchMap":{},"s":{"0":1,"1":1,"2":1,"3":1,"4":1,"5":1,"6":1,"7":1,"8":1,"9":1,"10":2,"11":2,"12":2,"13":1,"14":1,"15":1,"16":1,"17":1,"18":1,"19":5,"20":5,"21":1,"22":1,"23":1,"24":1,"25":1,"26":5,"27":5,"28":5,"29":5,"30":5,"31":5,"32":5,"33":1,"34":1,"35":1,"36":1,"37":1,"38":1},"f":{"0":1,"1":1,"2":2,"3":1,"4":1,"5":5,"6":1},"b":{},"_coverageSchema":"1a1c01bbd47fc00a2c39e90264f33305004495a9","hash":"d46143885d143ef21ffd18daf680274260a1b4c6","contentHash":"ae842d6159c8714c520de2937f6ce4440ea007cb764924841a91e6e3a80ef2ee"},"/Users/mario/Desktop/FinalProyect/Api/logic/retrievePets.js":{"path":"/Users/mario/Desktop/FinalProyect/Api/logic/retrievePets.js","statementMap":{"0":{"start":{"line":4,"column":4},"end":{"line":4,"column":18}},"1":{"start":{"line":6,"column":22},"end":{"line":6,"column":50}},"2":{"start":{"line":8,"column":0},"end":{"line":24,"column":1}},"3":{"start":{"line":9,"column":4},"end":{"line":9,"column":33}},"4":{"start":{"line":11,"column":4},"end":{"line":23,"column":6}},"5":{"start":{"line":15,"column":8},"end":{"line":15,"column":70}},"6":{"start":{"line":15,"column":19},"end":{"line":15,"column":70}},"7":{"start":{"line":16,"column":8},"end":{"line":20,"column":10}},"8":{"start":{"line":17,"column":12},"end":{"line":17,"column":39}},"9":{"start":{"line":18,"column":12},"end":{"line":18,"column":26}},"10":{"start":{"line":19,"column":12},"end":{"line":19,"column":26}},"11":{"start":{"line":22,"column":8},"end":{"line":22,"column":19}}},"fnMap":{"0":{"name":"(anonymous_0)","decl":{"start":{"line":8,"column":17},"end":{"line":8,"column":18}},"loc":{"start":{"line":8,"column":29},"end":{"line":24,"column":1}},"line":8},"1":{"name":"(anonymous_1)","decl":{"start":{"line":14,"column":12},"end":{"line":14,"column":13}},"loc":{"start":{"line":14,"column":30},"end":{"line":23,"column":5}},"line":14},"2":{"name":"(anonymous_2)","decl":{"start":{"line":16,"column":21},"end":{"line":16,"column":22}},"loc":{"start":{"line":16,"column":30},"end":{"line":20,"column":9}},"line":16}},"branchMap":{"0":{"loc":{"start":{"line":15,"column":8},"end":{"line":15,"column":70}},"type":"if","locations":[{"start":{"line":15,"column":8},"end":{"line":15,"column":70}},{"start":{"line":15,"column":8},"end":{"line":15,"column":70}}],"line":15}},"s":{"0":1,"1":1,"2":1,"3":2,"4":2,"5":2,"6":1,"7":1,"8":5,"9":5,"10":5,"11":1},"f":{"0":2,"1":2,"2":5},"b":{"0":[1,1]},"_coverageSchema":"1a1c01bbd47fc00a2c39e90264f33305004495a9","hash":"437e1f276a5e309d5c4876c8fa6f3dd5db2e233a","contentHash":"3ef1a2192689fb4bc40304cbf56893e7757d812340aae73f87907f52d0edee84"},"/Users/mario/Desktop/FinalProyect/Api/logic/specs/retrievePost.spec.js":{"path":"/Users/mario/Desktop/FinalProyect/Api/logic/specs/retrievePost.spec.js","statementMap":{"0":{"start":{"line":1,"column":0},"end":{"line":1,"column":26}},"1":{"start":{"line":2,"column":19},"end":{"line":2,"column":34}},"2":{"start":{"line":3,"column":21},"end":{"line":3,"column":47}},"3":{"start":{"line":4,"column":21},"end":{"line":4,"column":40}},"4":{"start":{"line":5,"column":48},"end":{"line":5,"column":74}},"5":{"start":{"line":6,"column":23},"end":{"line":6,"column":54}},"6":{"start":{"line":8,"column":0},"end":{"line":76,"column":2}},"7":{"start":{"line":12,"column":4},"end":{"line":14,"column":6}},"8":{"start":{"line":13,"column":8},"end":{"line":13,"column":60}},"9":{"start":{"line":16,"column":4},"end":{"line":24,"column":6}},"10":{"start":{"line":17,"column":8},"end":{"line":17,"column":23}},"11":{"start":{"line":19,"column":8},"end":{"line":19,"column":34}},"12":{"start":{"line":20,"column":8},"end":{"line":20,"column":42}},"13":{"start":{"line":22,"column":8},"end":{"line":22,"column":31}},"14":{"start":{"line":23,"column":8},"end":{"line":23,"column":31}},"15":{"start":{"line":26,"column":4},"end":{"line":28,"column":6}},"16":{"start":{"line":27,"column":8},"end":{"line":27,"column":35}},"17":{"start":{"line":30,"column":4},"end":{"line":39,"column":6}},"18":{"start":{"line":31,"column":30},"end":{"line":31,"column":68}},"19":{"start":{"line":33,"column":8},"end":{"line":33,"column":38}},"20":{"start":{"line":41,"column":4},"end":{"line":50,"column":6}},"21":{"start":{"line":42,"column":24},"end":{"line":42,"column":53}},"22":{"start":{"line":44,"column":8},"end":{"line":49,"column":9}},"23":{"start":{"line":45,"column":12},"end":{"line":45,"column":49}},"24":{"start":{"line":47,"column":12},"end":{"line":47,"column":34}},"25":{"start":{"line":48,"column":12},"end":{"line":48,"column":79}},"26":{"start":{"line":52,"column":4},"end":{"line":61,"column":6}},"27":{"start":{"line":53,"column":24},"end":{"line":53,"column":53}},"28":{"start":{"line":55,"column":8},"end":{"line":60,"column":9}},"29":{"start":{"line":56,"column":12},"end":{"line":56,"column":49}},"30":{"start":{"line":58,"column":12},"end":{"line":58,"column":34}},"31":{"start":{"line":59,"column":12},"end":{"line":59,"column":79}},"32":{"start":{"line":63,"column":4},"end":{"line":75,"column":6}},"33":{"start":{"line":64,"column":28},"end":{"line":64,"column":47}},"34":{"start":{"line":65,"column":8},"end":{"line":65,"column":38}},"35":{"start":{"line":67,"column":8},"end":{"line":74,"column":9}},"36":{"start":{"line":68,"column":12},"end":{"line":68,"column":57}},"37":{"start":{"line":70,"column":12},"end":{"line":70,"column":34}},"38":{"start":{"line":71,"column":12},"end":{"line":73,"column":13}}},"fnMap":{"0":{"name":"(anonymous_0)","decl":{"start":{"line":8,"column":25},"end":{"line":8,"column":26}},"loc":{"start":{"line":8,"column":31},"end":{"line":76,"column":1}},"line":8},"1":{"name":"(anonymous_1)","decl":{"start":{"line":12,"column":11},"end":{"line":12,"column":12}},"loc":{"start":{"line":12,"column":23},"end":{"line":14,"column":5}},"line":12},"2":{"name":"(anonymous_2)","decl":{"start":{"line":16,"column":15},"end":{"line":16,"column":16}},"loc":{"start":{"line":16,"column":27},"end":{"line":24,"column":5}},"line":16},"3":{"name":"(anonymous_3)","decl":{"start":{"line":26,"column":10},"end":{"line":26,"column":11}},"loc":{"start":{"line":26,"column":22},"end":{"line":28,"column":5}},"line":26},"4":{"name":"(anonymous_4)","decl":{"start":{"line":30,"column":51},"end":{"line":30,"column":52}},"loc":{"start":{"line":30,"column":63},"end":{"line":39,"column":5}},"line":30},"5":{"name":"(anonymous_5)","decl":{"start":{"line":41,"column":41},"end":{"line":41,"column":42}},"loc":{"start":{"line":41,"column":53},"end":{"line":50,"column":5}},"line":41},"6":{"name":"(anonymous_6)","decl":{"start":{"line":52,"column":41},"end":{"line":52,"column":42}},"loc":{"start":{"line":52,"column":53},"end":{"line":61,"column":5}},"line":52},"7":{"name":"(anonymous_7)","decl":{"start":{"line":63,"column":62},"end":{"line":63,"column":63}},"loc":{"start":{"line":63,"column":74},"end":{"line":75,"column":5}},"line":63}},"branchMap":{},"s":{"0":1,"1":1,"2":1,"3":1,"4":1,"5":1,"6":1,"7":1,"8":1,"9":1,"10":4,"11":4,"12":4,"13":4,"14":4,"15":1,"16":1,"17":1,"18":1,"19":0,"20":1,"21":1,"22":1,"23":1,"24":1,"25":1,"26":1,"27":1,"28":1,"29":1,"30":1,"31":1,"32":1,"33":1,"34":1,"35":1,"36":1,"37":1,"38":1},"f":{"0":1,"1":1,"2":4,"3":1,"4":1,"5":1,"6":1,"7":1},"b":{},"_coverageSchema":"1a1c01bbd47fc00a2c39e90264f33305004495a9","hash":"4088a3f9163105a883167934028817a84af7996b","contentHash":"edfd7ddb6c4eb3decbce123a3c2f2fbcf75203b963d8f4c57f50e83938074aa6"},"/Users/mario/Desktop/FinalProyect/Api/logic/retrievePost.js":{"path":"/Users/mario/Desktop/FinalProyect/Api/logic/retrievePost.js","statementMap":{"0":{"start":{"line":3,"column":4},"end":{"line":3,"column":18}},"1":{"start":{"line":4,"column":23},"end":{"line":4,"column":48}},"2":{"start":{"line":6,"column":0},"end":{"line":26,"column":1}},"3":{"start":{"line":10,"column":4},"end":{"line":25,"column":6}},"4":{"start":{"line":14,"column":8},"end":{"line":14,"column":70}},"5":{"start":{"line":14,"column":19},"end":{"line":14,"column":70}},"6":{"start":{"line":15,"column":8},"end":{"line":15,"column":70}},"7":{"start":{"line":15,"column":19},"end":{"line":15,"column":70}},"8":{"start":{"line":17,"column":8},"end":{"line":20,"column":13}},"9":{"start":{"line":18,"column":12},"end":{"line":20,"column":13}},"10":{"start":{"line":22,"column":8},"end":{"line":22,"column":26}},"11":{"start":{"line":24,"column":8},"end":{"line":24,"column":19}}},"fnMap":{"0":{"name":"(anonymous_0)","decl":{"start":{"line":6,"column":17},"end":{"line":6,"column":18}},"loc":{"start":{"line":6,"column":37},"end":{"line":26,"column":1}},"line":6},"1":{"name":"(anonymous_1)","decl":{"start":{"line":13,"column":12},"end":{"line":13,"column":13}},"loc":{"start":{"line":13,"column":30},"end":{"line":25,"column":5}},"line":13}},"branchMap":{"0":{"loc":{"start":{"line":14,"column":8},"end":{"line":14,"column":70}},"type":"if","locations":[{"start":{"line":14,"column":8},"end":{"line":14,"column":70}},{"start":{"line":14,"column":8},"end":{"line":14,"column":70}}],"line":14},"1":{"loc":{"start":{"line":15,"column":8},"end":{"line":15,"column":70}},"type":"if","locations":[{"start":{"line":15,"column":8},"end":{"line":15,"column":70}},{"start":{"line":15,"column":8},"end":{"line":15,"column":70}}],"line":15},"2":{"loc":{"start":{"line":17,"column":8},"end":{"line":20,"column":13}},"type":"if","locations":[{"start":{"line":17,"column":8},"end":{"line":20,"column":13}},{"start":{"line":17,"column":8},"end":{"line":20,"column":13}}],"line":17}},"s":{"0":1,"1":1,"2":1,"3":4,"4":4,"5":1,"6":3,"7":1,"8":2,"9":2,"10":0,"11":0},"f":{"0":4,"1":4},"b":{"0":[1,3],"1":[1,2],"2":[2,0]},"_coverageSchema":"1a1c01bbd47fc00a2c39e90264f33305004495a9","hash":"587f3c4c64b11850290f969d5b7568d86e02c678","contentHash":"a7860c51b8ef65d5b95b012714e2299717c1a0a5c15e3bc23d8a4b16a132a62c"},"/Users/mario/Desktop/FinalProyect/Api/logic/specs/retrievePosts.spec.js":{"path":"/Users/mario/Desktop/FinalProyect/Api/logic/specs/retrievePosts.spec.js","statementMap":{"0":{"start":{"line":1,"column":0},"end":{"line":1,"column":26}},"1":{"start":{"line":2,"column":19},"end":{"line":2,"column":34}},"2":{"start":{"line":3,"column":22},"end":{"line":3,"column":49}},"3":{"start":{"line":4,"column":23},"end":{"line":4,"column":51}},"4":{"start":{"line":5,"column":48},"end":{"line":5,"column":74}},"5":{"start":{"line":6,"column":17},"end":{"line":6,"column":36}},"6":{"start":{"line":8,"column":0},"end":{"line":69,"column":2}},"7":{"start":{"line":11,"column":4},"end":{"line":13,"column":6}},"8":{"start":{"line":12,"column":8},"end":{"line":12,"column":60}},"9":{"start":{"line":15,"column":4},"end":{"line":20,"column":6}},"10":{"start":{"line":16,"column":8},"end":{"line":16,"column":23}},"11":{"start":{"line":18,"column":8},"end":{"line":18,"column":34}},"12":{"start":{"line":19,"column":8},"end":{"line":19,"column":31}},"13":{"start":{"line":22,"column":4},"end":{"line":24,"column":6}},"14":{"start":{"line":23,"column":8},"end":{"line":23,"column":35}},"15":{"start":{"line":26,"column":4},"end":{"line":53,"column":6}},"16":{"start":{"line":27,"column":27},"end":{"line":27,"column":28}},"17":{"start":{"line":29,"column":8},"end":{"line":32,"column":9}},"18":{"start":{"line":29,"column":21},"end":{"line":29,"column":22}},"19":{"start":{"line":30,"column":25},"end":{"line":30,"column":52}},"20":{"start":{"line":31,"column":12},"end":{"line":31,"column":35}},"21":{"start":{"line":34,"column":25},"end":{"line":34,"column":65}},"22":{"start":{"line":36,"column":8},"end":{"line":36,"column":33}},"23":{"start":{"line":37,"column":8},"end":{"line":37,"column":42}},"24":{"start":{"line":38,"column":8},"end":{"line":38,"column":53}},"25":{"start":{"line":40,"column":8},"end":{"line":52,"column":10}},"26":{"start":{"line":41,"column":12},"end":{"line":41,"column":47}},"27":{"start":{"line":42,"column":12},"end":{"line":42,"column":49}},"28":{"start":{"line":43,"column":12},"end":{"line":43,"column":50}},"29":{"start":{"line":44,"column":12},"end":{"line":44,"column":49}},"30":{"start":{"line":45,"column":12},"end":{"line":45,"column":48}},"31":{"start":{"line":46,"column":12},"end":{"line":46,"column":51}},"32":{"start":{"line":47,"column":12},"end":{"line":47,"column":54}},"33":{"start":{"line":48,"column":12},"end":{"line":48,"column":56}},"34":{"start":{"line":49,"column":12},"end":{"line":49,"column":58}},"35":{"start":{"line":50,"column":12},"end":{"line":50,"column":53}},"36":{"start":{"line":51,"column":12},"end":{"line":51,"column":51}},"37":{"start":{"line":55,"column":4},"end":{"line":66,"column":6}},"38":{"start":{"line":56,"column":27},"end":{"line":56,"column":67}},"39":{"start":{"line":58,"column":8},"end":{"line":65,"column":9}},"40":{"start":{"line":59,"column":12},"end":{"line":59,"column":43}},"41":{"start":{"line":61,"column":12},"end":{"line":61,"column":34}},"42":{"start":{"line":62,"column":12},"end":{"line":64,"column":13}}},"fnMap":{"0":{"name":"(anonymous_0)","decl":{"start":{"line":8,"column":26},"end":{"line":8,"column":27}},"loc":{"start":{"line":8,"column":32},"end":{"line":69,"column":1}},"line":8},"1":{"name":"(anonymous_1)","decl":{"start":{"line":11,"column":11},"end":{"line":11,"column":12}},"loc":{"start":{"line":11,"column":23},"end":{"line":13,"column":5}},"line":11},"2":{"name":"(anonymous_2)","decl":{"start":{"line":15,"column":15},"end":{"line":15,"column":16}},"loc":{"start":{"line":15,"column":27},"end":{"line":20,"column":5}},"line":15},"3":{"name":"(anonymous_3)","decl":{"start":{"line":22,"column":10},"end":{"line":22,"column":11}},"loc":{"start":{"line":22,"column":22},"end":{"line":24,"column":5}},"line":22},"4":{"name":"(anonymous_4)","decl":{"start":{"line":26,"column":49},"end":{"line":26,"column":50}},"loc":{"start":{"line":26,"column":61},"end":{"line":53,"column":5}},"line":26},"5":{"name":"(anonymous_5)","decl":{"start":{"line":40,"column":25},"end":{"line":40,"column":26}},"loc":{"start":{"line":40,"column":35},"end":{"line":52,"column":9}},"line":40},"6":{"name":"(anonymous_6)","decl":{"start":{"line":55,"column":68},"end":{"line":55,"column":69}},"loc":{"start":{"line":55,"column":80},"end":{"line":66,"column":5}},"line":55}},"branchMap":{},"s":{"0":1,"1":1,"2":1,"3":1,"4":1,"5":1,"6":1,"7":1,"8":1,"9":1,"10":2,"11":2,"12":2,"13":1,"14":1,"15":1,"16":1,"17":1,"18":1,"19":5,"20":5,"21":1,"22":1,"23":1,"24":1,"25":1,"26":5,"27":5,"28":5,"29":5,"30":5,"31":5,"32":5,"33":5,"34":5,"35":5,"36":5,"37":1,"38":1,"39":1,"40":1,"41":1,"42":1},"f":{"0":1,"1":1,"2":2,"3":1,"4":1,"5":5,"6":1},"b":{},"_coverageSchema":"1a1c01bbd47fc00a2c39e90264f33305004495a9","hash":"ae5c9aed86021edfb662165ac0613b9f34c407cd","contentHash":"258678fb106873ec5447ca4d85163e0202449a797e7011e18d11db7c48894c65"},"/Users/mario/Desktop/FinalProyect/Api/logic/retrievePosts.js":{"path":"/Users/mario/Desktop/FinalProyect/Api/logic/retrievePosts.js","statementMap":{"0":{"start":{"line":4,"column":4},"end":{"line":4,"column":18}},"1":{"start":{"line":5,"column":23},"end":{"line":5,"column":51}},"2":{"start":{"line":7,"column":0},"end":{"line":45,"column":1}},"3":{"start":{"line":8,"column":4},"end":{"line":8,"column":33}},"4":{"start":{"line":10,"column":4},"end":{"line":44,"column":6}},"5":{"start":{"line":18,"column":8},"end":{"line":18,"column":70}},"6":{"start":{"line":18,"column":19},"end":{"line":18,"column":70}},"7":{"start":{"line":19,"column":8},"end":{"line":41,"column":10}},"8":{"start":{"line":20,"column":12},"end":{"line":20,"column":41}},"9":{"start":{"line":21,"column":12},"end":{"line":21,"column":27}},"10":{"start":{"line":23,"column":12},"end":{"line":23,"column":27}},"11":{"start":{"line":25,"column":12},"end":{"line":25,"column":74}},"12":{"start":{"line":25,"column":47},"end":{"line":25,"column":73}},"13":{"start":{"line":27,"column":12},"end":{"line":30,"column":13}},"14":{"start":{"line":28,"column":16},"end":{"line":28,"column":59}},"15":{"start":{"line":29,"column":16},"end":{"line":29,"column":38}},"16":{"start":{"line":32,"column":12},"end":{"line":40,"column":14}},"17":{"start":{"line":33,"column":16},"end":{"line":33,"column":51}},"18":{"start":{"line":34,"column":16},"end":{"line":34,"column":34}},"19":{"start":{"line":36,"column":16},"end":{"line":39,"column":17}},"20":{"start":{"line":37,"column":20},"end":{"line":37,"column":69}},"21":{"start":{"line":38,"column":20},"end":{"line":38,"column":45}},"22":{"start":{"line":43,"column":8},"end":{"line":43,"column":20}}},"fnMap":{"0":{"name":"(anonymous_0)","decl":{"start":{"line":7,"column":17},"end":{"line":7,"column":18}},"loc":{"start":{"line":7,"colu
[...]
nd":{"line":36,"column":59}},"18":{"start":{"line":38,"column":8},"end":{"line":38,"column":36}},"19":{"start":{"line":39,"column":8},"end":{"line":39,"column":51}},"20":{"start":{"line":40,"column":8},"end":{"line":40,"column":65}},"21":{"start":{"line":43,"column":4},"end":{"line":52,"column":6}},"22":{"start":{"line":44,"column":27},"end":{"line":44,"column":67}},"23":{"start":{"line":46,"column":8},"end":{"line":51,"column":9}},"24":{"start":{"line":47,"column":12},"end":{"line":47,"column":65}},"25":{"start":{"line":49,"column":12},"end":{"line":49,"column":34}},"26":{"start":{"line":50,"column":12},"end":{"line":50,"column":68}},"27":{"start":{"line":54,"column":4},"end":{"line":63,"column":6}},"28":{"start":{"line":55,"column":27},"end":{"line":55,"column":67}},"29":{"start":{"line":57,"column":8},"end":{"line":62,"column":9}},"30":{"start":{"line":58,"column":12},"end":{"line":58,"column":65}},"31":{"start":{"line":60,"column":12},"end":{"line":60,"column":34}},"32":{"start":{"line":61,"column":12},"end":{"line":61,"column":68}}},"fnMap":{"0":{"name":"(anonymous_0)","decl":{"start":{"line":8,"column":27},"end":{"line":8,"column":28}},"loc":{"start":{"line":8,"column":33},"end":{"line":66,"column":1}},"line":8},"1":{"name":"(anonymous_1)","decl":{"start":{"line":12,"column":11},"end":{"line":12,"column":12}},"loc":{"start":{"line":12,"column":23},"end":{"line":14,"column":5}},"line":12},"2":{"name":"(anonymous_2)","decl":{"start":{"line":16,"column":15},"end":{"line":16,"column":16}},"loc":{"start":{"line":16,"column":27},"end":{"line":24,"column":5}},"line":16},"3":{"name":"(anonymous_3)","decl":{"start":{"line":26,"column":10},"end":{"line":26,"column":11}},"loc":{"start":{"line":26,"column":22},"end":{"line":28,"column":5}},"line":26},"4":{"name":"(anonymous_4)","decl":{"start":{"line":30,"column":42},"end":{"line":30,"column":43}},"loc":{"start":{"line":30,"column":54},"end":{"line":41,"column":5}},"line":30},"5":{"name":"(anonymous_5)","decl":{"start":{"line":43,"column":59},"end":{"line":43,"column":60}},"loc":{"start":{"line":43,"column":71},"end":{"line":52,"column":5}},"line":43},"6":{"name":"(anonymous_6)","decl":{"start":{"line":54,"column":64},"end":{"line":54,"column":65}},"loc":{"start":{"line":54,"column":76},"end":{"line":63,"column":5}},"line":54}},"branchMap":{},"s":{"0":1,"1":1,"2":1,"3":1,"4":1,"5":1,"6":1,"7":1,"8":1,"9":1,"10":3,"11":1,"12":1,"13":1,"14":1,"15":1,"16":0,"17":0,"18":0,"19":0,"20":0,"21":1,"22":1,"23":1,"24":1,"25":1,"26":1,"27":1,"28":1,"29":1,"30":1,"31":1,"32":1},"f":{"0":1,"1":1,"2":3,"3":1,"4":1,"5":1,"6":1},"b":{},"_coverageSchema":"1a1c01bbd47fc00a2c39e90264f33305004495a9","hash":"3b35368140ced14b17b0586c9a92d0568cf1b949","contentHash":"1f7b2fdcad0a58e39299328a6db6722b7f043e4a26a4d46949b1241a21f28364"},"/Users/mario/Desktop/FinalProyect/Api/logic/toggleLikePost.js":{"path":"/Users/mario/Desktop/FinalProyect/Api/logic/toggleLikePost.js","statementMap":{"0":{"start":{"line":3,"column":4},"end":{"line":3,"column":18}},"1":{"start":{"line":5,"column":23},"end":{"line":5,"column":48}},"2":{"start":{"line":7,"column":0},"end":{"line":21,"column":1}},"3":{"start":{"line":8,"column":4},"end":{"line":8,"column":33}},"4":{"start":{"line":9,"column":4},"end":{"line":9,"column":33}},"5":{"start":{"line":11,"column":4},"end":{"line":20,"column":23}},"6":{"start":{"line":13,"column":12},"end":{"line":13,"column":64}},"7":{"start":{"line":13,"column":23},"end":{"line":13,"column":64}},"8":{"start":{"line":14,"column":12},"end":{"line":14,"column":64}},"9":{"start":{"line":14,"column":23},"end":{"line":14,"column":64}},"10":{"start":{"line":16,"column":12},"end":{"line":16,"column":35}},"11":{"start":{"line":18,"column":12},"end":{"line":18,"column":30}}},"fnMap":{"0":{"name":"(anonymous_0)","decl":{"start":{"line":7,"column":17},"end":{"line":7,"column":18}},"loc":{"start":{"line":7,"column":37},"end":{"line":21,"column":1}},"line":7},"1":{"name":"(anonymous_1)","decl":{"start":{"line":12,"column":14},"end":{"line":12,"column":15}},"loc":{"start":{"line":12,"column":32},"end":{"line":19,"column":9}},"line":12},"2":{"name":"(anonymous_2)","decl":{"start":{"line":20,"column":14},"end":{"line":20,"column":15}},"loc":{"start":{"line":20,"column":20},"end":{"line":20,"column":22}},"line":20}},"branchMap":{"0":{"loc":{"start":{"line":13,"column":12},"end":{"line":13,"column":64}},"type":"if","locations":[{"start":{"line":13,"column":12},"end":{"line":13,"column":64}},{"start":{"line":13,"column":12},"end":{"line":13,"column":64}}],"line":13},"1":{"loc":{"start":{"line":14,"column":12},"end":{"line":14,"column":64}},"type":"if","locations":[{"start":{"line":14,"column":12},"end":{"line":14,"column":64}},{"start":{"line":14,"column":12},"end":{"line":14,"column":64}}],"line":14}},"s":{"0":1,"1":1,"2":1,"3":0,"4":0,"5":0,"6":0,"7":0,"8":0,"9":0,"10":0,"11":0},"f":{"0":0,"1":0,"2":0},"b":{"0":[0,0],"1":[0,0]},"_coverageSchema":"1a1c01bbd47fc00a2c39e90264f33305004495a9","hash":"11cf61c4bd2036df38d253f069197b6904293125","contentHash":"463afa907e3e2db6e0f5d6f5edc016cdda8d12c2fef1f2c6483f76be2a371dd1"},"/Users/mario/Desktop/FinalProyect/Api/logic/specs/updateUserAvatar.spec.js":{"path":"/Users/mario/Desktop/FinalProyect/Api/logic/specs/updateUserAvatar.spec.js","statementMap":{"0":{"start":{"line":1,"column":0},"end":{"line":1,"column":26}},"1":{"start":{"line":2,"column":19},"end":{"line":2,"column":34}},"2":{"start":{"line":3,"column":25},"end":{"line":3,"column":55}},"3":{"start":{"line":4,"column":17},"end":{"line":4,"column":45}},"4":{"start":{"line":5,"column":34},"end":{"line":5,"column":60}},"5":{"start":{"line":6,"column":17},"end":{"line":6,"column":36}},"6":{"start":{"line":8,"column":0},"end":{"line":61,"column":2}},"7":{"start":{"line":11,"column":4},"end":{"line":13,"column":6}},"8":{"start":{"line":12,"column":8},"end":{"line":12,"column":60}},"9":{"start":{"line":15,"column":4},"end":{"line":20,"column":6}},"10":{"start":{"line":16,"column":8},"end":{"line":16,"column":23}},"11":{"start":{"line":18,"column":8},"end":{"line":18,"column":34}},"12":{"start":{"line":19,"column":8},"end":{"line":19,"column":31}},"13":{"start":{"line":22,"column":4},"end":{"line":24,"column":6}},"14":{"start":{"line":23,"column":8},"end":{"line":23,"column":35}},"15":{"start":{"line":26,"column":4},"end":{"line":35,"column":6}},"16":{"start":{"line":27,"column":29},"end":{"line":27,"column":61}},"17":{"start":{"line":29,"column":8},"end":{"line":29,"column":65}},"18":{"start":{"line":31,"column":28},"end":{"line":31,"column":68}},"19":{"start":{"line":33,"column":8},"end":{"line":33,"column":36}},"20":{"start":{"line":34,"column":8},"end":{"line":34,"column":57}},"21":{"start":{"line":37,"column":4},"end":{"line":47,"column":6}},"22":{"start":{"line":38,"column":23},"end":{"line":38,"column":63}},"23":{"start":{"line":39,"column":29},"end":{"line":39,"column":61}},"24":{"start":{"line":41,"column":8},"end":{"line":46,"column":9}},"25":{"start":{"line":42,"column":12},"end":{"line":42,"column":56}},"26":{"start":{"line":44,"column":12},"end":{"line":44,"column":34}},"27":{"start":{"line":45,"column":12},"end":{"line":45,"column":61}},"28":{"start":{"line":49,"column":4},"end":{"line":58,"column":6}},"29":{"start":{"line":50,"column":29},"end":{"line":50,"column":42}},"30":{"start":{"line":52,"column":8},"end":{"line":57,"column":9}},"31":{"start":{"line":53,"column":12},"end":{"line":53,"column":69}},"32":{"start":{"line":55,"column":12},"end":{"line":55,"column":34}},"33":{"start":{"line":56,"column":12},"end":{"line":56,"column":71}}},"fnMap":{"0":{"name":"(anonymous_0)","decl":{"start":{"line":8,"column":29},"end":{"line":8,"column":30}},"loc":{"start":{"line":8,"column":35},"end":{"line":61,"column":1}},"line":8},"1":{"name":"(anonymous_1)","decl":{"start":{"line":11,"column":11},"end":{"line":11,"column":12}},"loc":{"start":{"line":11,"column":23},"end":{"line":13,"column":5}},"line":11},"2":{"name":"(anonymous_2)","decl":{"start":{"line":15,"column":15},"end":{"line":15,"column":16}},"loc":{"start":{"line":15,"column":27},"end":{"line":20,"column":5}},"line":15},"3":{"name":"(anonymous_3)","decl":{"start":{"line":22,"column":10},"end":{"line":22,"column":11}},"loc":{"start":{"line":22,"column":22},"end":{"line":24,"column":5}},"line":22},"4":{"name":"(anonymous_4)","decl":{"start":{"line":26,"column":49},"end":{"line":26,"column":50}},"loc":{"start":{"line":26,"column":61},"end":{"line":35,"column":5}},"line":26},"5":{"name":"(anonymous_5)","decl":{"start":{"line":37,"column":43},"end":{"line":37,"column":44}},"loc":{"start":{"line":37,"column":55},"end":{"line":47,"column":5}},"line":37},"6":{"name":"(anonymous_6)","decl":{"start":{"line":49,"column":44},"end":{"line":49,"column":45}},"loc":{"start":{"line":49,"column":56},"end":{"line":58,"column":5}},"line":49}},"branchMap":{},"s":{"0":1,"1":1,"2":1,"3":1,"4":1,"5":1,"6":1,"7":1,"8":1,"9":1,"10":3,"11":3,"12":3,"13":1,"14":1,"15":1,"16":1,"17":1,"18":1,"19":1,"20":1,"21":1,"22":1,"23":1,"24":1,"25":1,"26":1,"27":1,"28":1,"29":1,"30":1,"31":1,"32":0,"33":0},"f":{"0":1,"1":1,"2":3,"3":1,"4":1,"5":1,"6":1},"b":{},"_coverageSchema":"1a1c01bbd47fc00a2c39e90264f33305004495a9","hash":"578038e22282438e8b21ef437f8656dfa2a4f011","contentHash":"e0ae1b913c9ea656e9d646719ff9adc5986468b994c244d380fea9033d68dbef"},"/Users/mario/Desktop/FinalProyect/Api/logic/updateUserAvatar.js":{"path":"/Users/mario/Desktop/FinalProyect/Api/logic/updateUserAvatar.js","statementMap":{"0":{"start":{"line":4,"column":4},"end":{"line":4,"column":18}},"1":{"start":{"line":5,"column":17},"end":{"line":5,"column":42}},"2":{"start":{"line":7,"column":0},"end":{"line":16,"column":1}},"3":{"start":{"line":8,"column":4},"end":{"line":8,"column":33}},"4":{"start":{"line":9,"column":4},"end":{"line":9,"column":33}},"5":{"start":{"line":11,"column":4},"end":{"line":15,"column":8}},"6":{"start":{"line":12,"column":21},"end":{"line":12,"column":48}},"7":{"start":{"line":13,"column":8},"end":{"line":13,"column":62}},"8":{"start":{"line":13,"column":19},"end":{"line":13,"column":62}},"9":{"start":{"line":14,"column":8},"end":{"line":14,"column":48}}},"fnMap":{"0":{"name":"(anonymous_0)","decl":{"start":{"line":7,"column":17},"end":{"line":7,"column":18}},"loc":{"start":{"line":7,"column":37},"end":{"line":16,"column":1}},"line":7},"1":{"name":"(anonymous_1)","decl":{"start":{"line":11,"column":12},"end":{"line":11,"column":13}},"loc":{"start":{"line":11,"column":24},"end":{"line":15,"column":5}},"line":11}},"branchMap":{"0":{"loc":{"start":{"line":13,"column":8},"end":{"line":13,"column":62}},"type":"if","locations":[{"start":{"line":13,"column":8},"end":{"line":13,"column":62}},{"start":{"line":13,"column":8},"end":{"line":13,"column":62}}],"line":13}},"s":{"0":1,"1":1,"2":1,"3":3,"4":3,"5":3,"6":3,"7":3,"8":1,"9":2},"f":{"0":3,"1":3},"b":{"0":[1,2]},"_coverageSchema":"1a1c01bbd47fc00a2c39e90264f33305004495a9","hash":"b4a117b74b073d6aee25810a14ee842c779dd152","contentHash":"2f37eef6608ebba692ae0b9178e9af77ec946e62978e0d69c16dc2d67e66a002"},"/Users/mario/Desktop/FinalProyect/Api/logic/specs/updateUserPassword.spec.js":{"path":"/Users/mario/Desktop/FinalProyect/Api/logic/specs/updateUserPassword.spec.js","statementMap":{"0":{"start":{"line":1,"column":0},"end":{"line":1,"column":26}},"1":{"start":{"line":2,"column":19},"end":{"line":2,"column":34}},"2":{"start":{"line":3,"column":27},"end":{"line":3,"column":59}},"3":{"start":{"line":4,"column":17},"end":{"line":4,"column":45}},"4":{"start":{"line":5,"column":34},"end":{"line":5,"column":60}},"5":{"start":{"line":6,"column":17},"end":{"line":6,"column":36}},"6":{"start":{"line":9,"column":4},"end":{"line":9,"column":18}},"7":{"start":{"line":10,"column":0},"end":{"line":112,"column":2}},"8":{"start":{"line":13,"column":4},"end":{"line":15,"column":6}},"9":{"start":{"line":14,"column":8},"end":{"line":14,"column":60}},"10":{"start":{"line":17,"column":4},"end":{"line":22,"column":6}},"11":{"start":{"line":18,"column":8},"end":{"line":18,"column":23}},"12":{"start":{"line":20,"column":8},"end":{"line":20,"column":34}},"13":{"start":{"line":21,"column":8},"end":{"line":21,"column":31}},"14":{"start":{"line":24,"column":4},"end":{"line":26,"column":6}},"15":{"start":{"line":25,"column":8},"end":{"line":25,"column":35}},"16":{"start":{"line":28,"column":4},"end":{"line":42,"column":6}},"17":{"start":{"line":29,"column":28},"end":{"line":29,"column":44}},"18":{"start":{"line":31,"column":8},"end":{"line":36,"column":9}},"19":{"start":{"line":38,"column":28},"end":{"line":38,"column":68}},"20":{"start":{"line":40,"column":8},"end":{"line":40,"column":36}},"21":{"start":{"line":41,"column":8},"end":{"line":41,"column":58}},"22":{"start":{"line":44,"column":4},"end":{"line":59,"column":6}},"23":{"start":{"line":45,"column":23},"end":{"line":45,"column":63}},"24":{"start":{"line":46,"column":28},"end":{"line":46,"column":44}},"25":{"start":{"line":48,"column":8},"end":{"line":58,"column":9}},"26":{"start":{"line":49,"column":12},"end":{"line":54,"column":13}},"27":{"start":{"line":56,"column":12},"end":{"line":56,"column":34}},"28":{"start":{"line":57,"column":12},"end":{"line":57,"column":61}},"29":{"start":{"line":61,"column":4},"end":{"line":77,"column":6}},"30":{"start":{"line":62,"column":28},"end":{"line":62,"column":44}},"31":{"start":{"line":64,"column":8},"end":{"line":76,"column":9}},"32":{"start":{"line":65,"column":12},"end":{"line":70,"column":13}},"33":{"start":{"line":72,"column":12},"end":{"line":72,"column":34}},"34":{"start":{"line":73,"column":12},"end":{"line":75,"column":13}},"35":{"start":{"line":79,"column":4},"end":{"line":93,"column":6}},"36":{"start":{"line":80,"column":8},"end":{"line":92,"column":9}},"37":{"start":{"line":81,"column":12},"end":{"line":86,"column":13}},"38":{"start":{"line":88,"column":12},"end":{"line":88,"column":34}},"39":{"start":{"line":89,"column":12},"end":{"line":91,"column":13}},"40":{"start":{"line":95,"column":4},"end":{"line":109,"column":6}},"41":{"start":{"line":96,"column":8},"end":{"line":108,"column":9}},"42":{"start":{"line":97,"column":12},"end":{"line":102,"column":13}},"43":{"start":{"line":104,"column":12},"end":{"line":104,"column":34}},"44":{"start":{"line":105,"column":12},"end":{"line":107,"column":13}}},"fnMap":{"0":{"name":"(anonymous_0)","decl":{"start":{"line":10,"column":31},"end":{"line":10,"column":32}},"loc":{"start":{"line":10,"column":37},"end":{"line":112,"column":1}},"line":10},"1":{"name":"(anonymous_1)","decl":{"start":{"line":13,"column":11},"end":{"line":13,"column":12}},"loc":{"start":{"line":13,"column":23},"end":{"line":15,"column":5}},"line":13},"2":{"name":"(anonymous_2)","decl":{"start":{"line":17,"column":15},"end":{"line":17,"column":16}},"loc":{"start":{"line":17,"column":27},"end":{"line":22,"column":5}},"line":17},"3":{"name":"(anonymous_3)","decl":{"start":{"line":24,"column":10},"end":{"line":24,"column":11}},"loc":{"start":{"line":24,"column":22},"end":{"line":26,"column":5}},"line":24},"4":{"name":"(anonymous_4)","decl":{"start":{"line":28,"column":51},"end":{"line":28,"column":52}},"loc":{"start":{"line":28,"column":63},"end":{"line":42,"column":5}},"line":28},"5":{"name":"(anonymous_5)","decl":{"start":{"line":44,"column":43},"end":{"line":44,"column":44}},"loc":{"start":{"line":44,"column":55},"end":{"line":59,"column":5}},"line":44},"6":{"name":"(anonymous_6)","decl":{"start":{"line":61,"column":53},"end":{"line":61,"column":54}},"loc":{"start":{"line":61,"column":65},"end":{"line":77,"column":5}},"line":61},"7":{"name":"(anonymous_7)","decl":{"start":{"line":79,"column":81},"end":{"line":79,"column":82}},"loc":{"start":{"line":79,"column":93},"end":{"line":93,"column":5}},"line":79},"8":{"name":"(anonymous_8)","decl":{"start":{"line":95,"column":72},"end":{"line":95,"column":73}},"loc":{"start":{"line":95,"column":84},"end":{"line":109,"column":5}},"line":95}},"branchMap":{},"s":{"0":1,"1":1,"2":1,"3":1,"4":1,"5":1,"6":1,"7":1,"8":1,"9":1,"10":1,"11":5,"12":5,"13":5,"14":1,"15":1,"16":1,"17":1,"18":1,"19":1,"20":1,"21":1,"22":1,"23":1,"24":1,"25":1,"26":1,"27":1,"28":1,"29":1,"30":1,"31":1,"32":1,"33":1,"34":1,"35":1,"36":1,"37":1,"38":1,"39":1,"40":1,"41":1,"42":1,"43":1,"44":1},"f":{"0":1,"1":1,"2":5,"3":1,"4":1,"5":1,"6":1,"7":1,"8":1},"b":{},"_coverageSchema":"1a1c01bbd47fc00a2c39e90264f33305004495a9","hash":"0dcaa37b8af9aef51bec28e89dd5fc975772122d","contentHash":"2f5528002e286154917fa6c8cd2b28dadf575089141985c2dcdf12a980d8e8df"},"/Users/mario/Desktop/FinalProyect/Api/logic/updateUserPassword.js":{"path":"/Users/mario/Desktop/FinalProyect/Api/logic/updateUserPassword.js","statementMap":{"0":{"start":{"line":3,"column":4},"end":{"line":3,"column":18}},"1":{"start":{"line":4,"column":17},"end":{"line":4,"column":42}},"2":{"start":{"line":6,"column":0},"end":{"line":35,"column":1}},"3":{"start":{"line":12,"column":4},"end":{"line":12,"column":22}},"4":{"start":{"line":13,"column":4},"end":{"line":13,"column":38}},"5":{"start":{"line":14,"column":4},"end":{"line":14,"column":33}},"6":{"start":{"line":15,"column":4},"end":{"line":15,"column":40}},"7":{"start":{"line":17,"column":4},"end":{"line":34,"column":8}},"8":{"start":{"line":18,"column":21},"end":{"line":18,"column":48}},"9":{"start":{"line":19,"column":8},"end":{"line":19,"column":53}},"10":{"start":{"line":19,"column":19},"end":{"line":19,"column":53}},"11":{"start":{"line":20,"column":8},"end":{"line":21,"column":54}},"12":{"start":{"line":21,"column":12},"end":{"line":21,"column":54}},"13":{"start":{"line":22,"column":8},"end":{"line":25,"column":13}},"14":{"start":{"line":23,"column":12},"end":{"line":25,"column":13}},"15":{"start":{"line":26,"column":8},"end":{"line":29,"column":13}},"16":{"start":{"line":27,"column":12},"end":{"line":29,"column":13}},"17":{"start":{"line":30,"column":8},"end":{"line":31,"column":62}},"18":{"start":{"line":31,"column":12},"end":{"line":31,"column":62}},"19":{"start":{"line":33,"column":8},"end":{"line":33,"column":55}}},"fnMap":{"0":{"name":"(anonymous_0)","decl":{"start":{"line":6,"column":17},"end":{"line":6,"column":18}},"loc":{"start":{"line":11,"column":5},"end":{"line":35,"column":1}},"line":11},"1":{"name":"(anonymous_1)","decl":{"start":{"line":17,"column":12},"end":{"line":17,"column":13}},"loc":{"start":{"line":17,"column":24},"end":{"line":34,"column":5}},"line":17}},"branchMap":{"0":{"loc":{"start":{"line":19,"column":8},"end":{"line":19,"column":53}},"type":"if","locations":[{"start":{"line":19,"column":8},"end":{"line":19,"column":53}},{"start":{"line":19,"column":8},"end":{"line":19,"column":53}}],"line":19},"1":{"loc":{"start":{"line":20,"column":8},"end":{"line":21,"column":54}},"type":"if","locations":[{"start":{"line":20,"column":8},"end":{"line":21,"column":54}},{"start":{"line":20,"column":8},"end":{"line":21,"column":54}}],"line":20},"2":{"loc":{"start":{"line":22,"column":8},"end":{"line":25,"column":13}},"type":"if","locations":[{"start":{"line":22,"column":8},"end":{"line":25,"column":13}},{"start":{"line":22,"column":8},"end":{"line":25,"column":13}}],"line":22},"3":{"loc":{"start":{"line":26,"column":8},"end":{"line":29,"column":13}},"type":"if","locations":[{"start":{"line":26,"column":8},"end":{"line":29,"column":13}},{"start":{"line":26,"column":8},"end":{"line":29,"column":13}}],"line":26},"4":{"loc":{"start":{"line":30,"column":8},"end":{"line":31,"column":62}},"type":"if","locations":[{"start":{"line":30,"column":8},"end":{"line":31,"column":62}},{"start":{"line":30,"column":8},"end":{"line":31,"column":62}}],"line":30}},"s":{"0":1,"1":1,"2":1,"3":5,"4":5,"5":4,"6":3,"7":3,"8":3,"9":3,"10":1,"11":2,"12":0,"13":2,"14":1,"15":1,"16":0,"17":1,"18":0,"19":1},"f":{"0":5,"1":3},"b":{"0":[1,2],"1":[0,2],"2":[1,1],"3":[0,1],"4":[0,1]},"_coverageSchema":"1a1c01bbd47fc00a2c39e90264f33305004495a9","hash":"c1e1e89919572c343355bcd2f993c6d1181b6a47","contentHash":"e8340b7b97bb53c2ce986466bd7af5bd3f341bdb4558836cce9a1bea6e88dd5f"}}